---
0x1ef48bb4af5d1613dd7aba69ae2d4d5615406562:0x0 *
0x1ef48bb4af5d1613dd7aba69ae2d4d5615406562:0x2 *
0x1ef48bb4af5d1613dd7aba69ae2d4d5615406562:0x4 *
0x1ef48bb4af5d1613dd7aba69ae2d4d5615406562:0x5 *
0x1ef48bb4af5d1613dd7aba69ae2d4d5615406562:0x6 *
0x1ef48bb4af5d1613dd7aba69ae2d4d5615406562:0x7 *
0x1ef48bb4af5d1613dd7aba69ae2d4d5615406562:0x8 *
0x1ef48bb4af5d1613dd7aba69ae2d4d5615406562:0xb *
0x1ef48bb4af5d1613dd7aba69ae2d4d5615406562:0x10 *
0x1ef48bb4af5d1613dd7aba69ae2d4d5615406562:0x11 *
0x1ef48bb4af5d1613dd7aba69ae2d4d5615406562:0x12 *
0x1ef48bb4af5d1613dd7aba69ae2d4d5615406562:0x15 *
0x1ef48bb4af5d1613dd7aba69ae2d4d5615406562:0x16 *
0x1ef48bb4af5d1613dd7aba69ae2d4d5615406562:0x19 *
0x1ef48bb4af5d1613dd7aba69ae2d4d5615406562:0x1b *
0x1ef48bb4af5d1613dd7aba69ae2d4d5615406562:0x1c *
0x1ef48bb4af5d1613dd7aba69ae2d4d5615406562:0x1e *
---
0x1ef48bb4af5d1613dd7aba69ae2d4d5615406562:0x0 
0x1ef48bb4af5d1613dd7aba69ae2d4d5615406562:0x2 
0x1ef48bb4af5d1613dd7aba69ae2d4d5615406562:0x4 
0x1ef48bb4af5d1613dd7aba69ae2d4d5615406562:0x5 
0x1ef48bb4af5d1613dd7aba69ae2d4d5615406562:0x7 
0x1ef48bb4af5d1613dd7aba69ae2d4d5615406562:0x8 
0x1ef48bb4af5d1613dd7aba69ae2d4d5615406562:0x9 
0x1ef48bb4af5d1613dd7aba69ae2d4d5615406562:0xc 
0x1ef48bb4af5d1613dd7aba69ae2d4d5615406562:0xd 
0x1ef48bb4af5d1613dd7aba69ae2d4d5615406562:0xf 
0x1ef48bb4af5d1613dd7aba69ae2d4d5615406562:0x10 
0x1ef48bb4af5d1613dd7aba69ae2d4d5615406562:0x2e 
0x1ef48bb4af5d1613dd7aba69ae2d4d5615406562:0x2f 
0x1ef48bb4af5d1613dd7aba69ae2d4d5615406562:0x30 
0x1ef48bb4af5d1613dd7aba69ae2d4d5615406562:0x35 
0x1ef48bb4af5d1613dd7aba69ae2d4d5615406562:0x36 
0x1ef48bb4af5d1613dd7aba69ae2d4d5615406562:0x37 
0x1ef48bb4af5d1613dd7aba69ae2d4d5615406562:0x3c 
0x1ef48bb4af5d1613dd7aba69ae2d4d5615406562:0x3d 
0x1ef48bb4af5d1613dd7aba69ae2d4d5615406562:0x40 
0x1ef48bb4af5d1613dd7aba69ae2d4d5615406562:0x41 
0x1ef48bb4af5d1613dd7aba69ae2d4d5615406562:0x42 
0x1ef48bb4af5d1613dd7aba69ae2d4d5615406562:0x47 
0x1ef48bb4af5d1613dd7aba69ae2d4d5615406562:0x48 
0x1ef48bb4af5d1613dd7aba69ae2d4d5615406562:0x4b 
0x1ef48bb4af5d1613dd7aba69ae2d4d5615406562:0xf1 
0x1ef48bb4af5d1613dd7aba69ae2d4d5615406562:0xf2 
0x1ef48bb4af5d1613dd7aba69ae2d4d5615406562:0xf3 
0x1ef48bb4af5d1613dd7aba69ae2d4d5615406562:0xf4 
0x1ef48bb4af5d1613dd7aba69ae2d4d5615406562:0xf5 
0x1ef48bb4af5d1613dd7aba69ae2d4d5615406562:0xf8 
0x1ef48bb4af5d1613dd7aba69ae2d4d5615406562:0xfd 
0x1ef48bb4af5d1613dd7aba69ae2d4d5615406562:0xfe 
0x1ef48bb4af5d1613dd7aba69ae2d4d5615406562:0xff 
0x1ef48bb4af5d1613dd7aba69ae2d4d5615406562:0x102 
0x1ef48bb4af5d1613dd7aba69ae2d4d5615406562:0x104 
0x1ef48bb4af5d1613dd7aba69ae2d4d5615406562:0x105 
0x1ef48bb4af5d1613dd7aba69ae2d4d5615406562:0x106 
0x1ef48bb4af5d1613dd7aba69ae2d4d5615406562:0x107 
0x1ef48bb4af5d1613dd7aba69ae2d4d5615406562:0x108 
0x1ef48bb4af5d1613dd7aba69ae2d4d5615406562:0x109 
0x1ef48bb4af5d1613dd7aba69ae2d4d5615406562:0x10a 
0x1ef48bb4af5d1613dd7aba69ae2d4d5615406562:0x10b 
0x1ef48bb4af5d1613dd7aba69ae2d4d5615406562:0x10c 
0x1ef48bb4af5d1613dd7aba69ae2d4d5615406562:0x10d 
0x1ef48bb4af5d1613dd7aba69ae2d4d5615406562:0x122 
0x1ef48bb4af5d1613dd7aba69ae2d4d5615406562:0x123 
0x1ef48bb4af5d1613dd7aba69ae2d4d5615406562:0x124 
0x1ef48bb4af5d1613dd7aba69ae2d4d5615406562:0x126 
0x1ef48bb4af5d1613dd7aba69ae2d4d5615406562:0x127 
0x1ef48bb4af5d1613dd7aba69ae2d4d5615406562:0x128 
0x1ef48bb4af5d1613dd7aba69ae2d4d5615406562:0x129 
0x1ef48bb4af5d1613dd7aba69ae2d4d5615406562:0x12a 
0x1ef48bb4af5d1613dd7aba69ae2d4d5615406562:0x12b 
0x1ef48bb4af5d1613dd7aba69ae2d4d5615406562:0x12c 
0x1ef48bb4af5d1613dd7aba69ae2d4d5615406562:0x12d 
0x1ef48bb4af5d1613dd7aba69ae2d4d5615406562:0x12e 
0x1ef48bb4af5d1613dd7aba69ae2d4d5615406562:0x130 
0x1ef48bb4af5d1613dd7aba69ae2d4d5615406562:0x131 
0x1ef48bb4af5d1613dd7aba69ae2d4d5615406562:0x132 
0x1ef48bb4af5d1613dd7aba69ae2d4d5615406562:0x133 
0x1ef48bb4af5d1613dd7aba69ae2d4d5615406562:0x134 
0x1ef48bb4af5d1613dd7aba69ae2d4d5615406562:0x135 
0x1ef48bb4af5d1613dd7aba69ae2d4d5615406562:0x136 
0x1ef48bb4af5d1613dd7aba69ae2d4d5615406562:0x137 
0x1ef48bb4af5d1613dd7aba69ae2d4d5615406562:0x138 
0x1ef48bb4af5d1613dd7aba69ae2d4d5615406562:0x13b 
0x1ef48bb4af5d1613dd7aba69ae2d4d5615406562:0x156 
0x1ef48bb4af5d1613dd7aba69ae2d4d5615406562:0x157 
0x1ef48bb4af5d1613dd7aba69ae2d4d5615406562:0x159 
0x1ef48bb4af5d1613dd7aba69ae2d4d5615406562:0x15a 
0x1ef48bb4af5d1613dd7aba69ae2d4d5615406562:0x15c 
0x1ef48bb4af5d1613dd7aba69ae2d4d5615406562:0x15d 
0x1ef48bb4af5d1613dd7aba69ae2d4d5615406562:0x15e 
0x1ef48bb4af5d1613dd7aba69ae2d4d5615406562:0x173 
0x1ef48bb4af5d1613dd7aba69ae2d4d5615406562:0x174 
0x1ef48bb4af5d1613dd7aba69ae2d4d5615406562:0x189 
0x1ef48bb4af5d1613dd7aba69ae2d4d5615406562:0x18a 
0x1ef48bb4af5d1613dd7aba69ae2d4d5615406562:0x18b 
0x1ef48bb4af5d1613dd7aba69ae2d4d5615406562:0x18c 
0x1ef48bb4af5d1613dd7aba69ae2d4d5615406562:0x18e 
0x1ef48bb4af5d1613dd7aba69ae2d4d5615406562:0x18f 
0x1ef48bb4af5d1613dd7aba69ae2d4d5615406562:0x190 
0x1ef48bb4af5d1613dd7aba69ae2d4d5615406562:0x191 
0x1ef48bb4af5d1613dd7aba69ae2d4d5615406562:0x192 
0x1ef48bb4af5d1613dd7aba69ae2d4d5615406562:0x194 
0x1ef48bb4af5d1613dd7aba69ae2d4d5615406562:0x195 
0x1ef48bb4af5d1613dd7aba69ae2d4d5615406562:0x197 
0x1ef48bb4af5d1613dd7aba69ae2d4d5615406562:0x198 
0x1ef48bb4af5d1613dd7aba69ae2d4d5615406562:0x199 
0x1ef48bb4af5d1613dd7aba69ae2d4d5615406562:0x19a 
0x1ef48bb4af5d1613dd7aba69ae2d4d5615406562:0x19b 
0x1ef48bb4af5d1613dd7aba69ae2d4d5615406562:0x19c 
0x1ef48bb4af5d1613dd7aba69ae2d4d5615406562:0x19d 
0x1ef48bb4af5d1613dd7aba69ae2d4d5615406562:0x19e 
0x1ef48bb4af5d1613dd7aba69ae2d4d5615406562:0x1a1 
0x1ef48bb4af5d1613dd7aba69ae2d4d5615406562:0x1a6 
0x1ef48bb4af5d1613dd7aba69ae2d4d5615406562:0x1a7 
0x1ef48bb4af5d1613dd7aba69ae2d4d5615406562:0x1a8 
0x1ef48bb4af5d1613dd7aba69ae2d4d5615406562:0x1aa 
0x1ef48bb4af5d1613dd7aba69ae2d4d5615406562:0x1ab 
0x1ef48bb4af5d1613dd7aba69ae2d4d5615406562:0x1ac 
0x1ef48bb4af5d1613dd7aba69ae2d4d5615406562:0x1c1 
0x1ef48bb4af5d1613dd7aba69ae2d4d5615406562:0x1c2 
0x1ef48bb4af5d1613dd7aba69ae2d4d5615406562:0x1d7 
0x1ef48bb4af5d1613dd7aba69ae2d4d5615406562:0x1d8 
0x1ef48bb4af5d1613dd7aba69ae2d4d5615406562:0x1d9 
0x1ef48bb4af5d1613dd7aba69ae2d4d5615406562:0x1da 
0x1ef48bb4af5d1613dd7aba69ae2d4d5615406562:0x1dc 
0x1ef48bb4af5d1613dd7aba69ae2d4d5615406562:0x1dd 
0x1ef48bb4af5d1613dd7aba69ae2d4d5615406562:0x1de 
0x1ef48bb4af5d1613dd7aba69ae2d4d5615406562:0x1df 
0x1ef48bb4af5d1613dd7aba69ae2d4d5615406562:0x1e0 
0x1ef48bb4af5d1613dd7aba69ae2d4d5615406562:0x1e2 
0x1ef48bb4af5d1613dd7aba69ae2d4d5615406562:0x1e3 
0x1ef48bb4af5d1613dd7aba69ae2d4d5615406562:0x1e5 
0x1ef48bb4af5d1613dd7aba69ae2d4d5615406562:0x1e6 
0x1ef48bb4af5d1613dd7aba69ae2d4d5615406562:0x1e8 
0x1ef48bb4af5d1613dd7aba69ae2d4d5615406562:0x1e9 
0x1ef48bb4af5d1613dd7aba69ae2d4d5615406562:0x1ea 
0x1ef48bb4af5d1613dd7aba69ae2d4d5615406562:0x1eb 
0x1ef48bb4af5d1613dd7aba69ae2d4d5615406562:0x1ec 
0x1ef48bb4af5d1613dd7aba69ae2d4d5615406562:0x1ed 
0x1ef48bb4af5d1613dd7aba69ae2d4d5615406562:0x1ee 
0x1ef48bb4af5d1613dd7aba69ae2d4d5615406562:0x1ef 
0x1ef48bb4af5d1613dd7aba69ae2d4d5615406562:0x1f0 
0x1ef48bb4af5d1613dd7aba69ae2d4d5615406562:0x1f1 
0x1ef48bb4af5d1613dd7aba69ae2d4d5615406562:0x1f2 
0x1ef48bb4af5d1613dd7aba69ae2d4d5615406562:0x1f3 
0x1ef48bb4af5d1613dd7aba69ae2d4d5615406562:0x1f4 
0x1ef48bb4af5d1613dd7aba69ae2d4d5615406562:0x1f6 
0x1ef48bb4af5d1613dd7aba69ae2d4d5615406562:0x1f7 
0x1ef48bb4af5d1613dd7aba69ae2d4d5615406562:0x1f8 
0x1ef48bb4af5d1613dd7aba69ae2d4d5615406562:0x20d 
0x1ef48bb4af5d1613dd7aba69ae2d4d5615406562:0x20e 
0x1ef48bb4af5d1613dd7aba69ae2d4d5615406562:0x223 
0x1ef48bb4af5d1613dd7aba69ae2d4d5615406562:0x224 
0x1ef48bb4af5d1613dd7aba69ae2d4d5615406562:0x225 
0x1ef48bb4af5d1613dd7aba69ae2d4d5615406562:0x226 
0x1ef48bb4af5d1613dd7aba69ae2d4d5615406562:0x228 
0x1ef48bb4af5d1613dd7aba69ae2d4d5615406562:0x229 
0x1ef48bb4af5d1613dd7aba69ae2d4d5615406562:0x22a 
0x1ef48bb4af5d1613dd7aba69ae2d4d5615406562:0x22b 
0x1ef48bb4af5d1613dd7aba69ae2d4d5615406562:0x22c 
0x1ef48bb4af5d1613dd7aba69ae2d4d5615406562:0x22e 
0x1ef48bb4af5d1613dd7aba69ae2d4d5615406562:0x22f 
0x1ef48bb4af5d1613dd7aba69ae2d4d5615406562:0x231 
0x1ef48bb4af5d1613dd7aba69ae2d4d5615406562:0x232 
0x1ef48bb4af5d1613dd7aba69ae2d4d5615406562:0x234 
0x1ef48bb4af5d1613dd7aba69ae2d4d5615406562:0x235 
0x1ef48bb4af5d1613dd7aba69ae2d4d5615406562:0x236 
0x1ef48bb4af5d1613dd7aba69ae2d4d5615406562:0x237 
0x1ef48bb4af5d1613dd7aba69ae2d4d5615406562:0x238 
0x1ef48bb4af5d1613dd7aba69ae2d4d5615406562:0x239 
0x1ef48bb4af5d1613dd7aba69ae2d4d5615406562:0x23a 
0x1ef48bb4af5d1613dd7aba69ae2d4d5615406562:0x23b 
0x1ef48bb4af5d1613dd7aba69ae2d4d5615406562:0x23c 
0x1ef48bb4af5d1613dd7aba69ae2d4d5615406562:0x23d 
0x1ef48bb4af5d1613dd7aba69ae2d4d5615406562:0x23e 
0x1ef48bb4af5d1613dd7aba69ae2d4d5615406562:0x23f 
0x1ef48bb4af5d1613dd7aba69ae2d4d5615406562:0x240 
0x1ef48bb4af5d1613dd7aba69ae2d4d5615406562:0x241 
0x1ef48bb4af5d1613dd7aba69ae2d4d5615406562:0x13c 
0x1ef48bb4af5d1613dd7aba69ae2d4d5615406562:0x13d 
---
0x1ef48bb4af5d1613dd7aba69ae2d4d5615406562:0x0 
0x1ef48bb4af5d1613dd7aba69ae2d4d5615406562:0x2 
0x1ef48bb4af5d1613dd7aba69ae2d4d5615406562:0x4 
0x1ef48bb4af5d1613dd7aba69ae2d4d5615406562:0x5 
0x1ef48bb4af5d1613dd7aba69ae2d4d5615406562:0x7 
0x1ef48bb4af5d1613dd7aba69ae2d4d5615406562:0x8 
0x1ef48bb4af5d1613dd7aba69ae2d4d5615406562:0x9 
0x1ef48bb4af5d1613dd7aba69ae2d4d5615406562:0xc 
0x1ef48bb4af5d1613dd7aba69ae2d4d5615406562:0xd 
0x1ef48bb4af5d1613dd7aba69ae2d4d5615406562:0xf 
0x1ef48bb4af5d1613dd7aba69ae2d4d5615406562:0x10 
0x1ef48bb4af5d1613dd7aba69ae2d4d5615406562:0x2e 
0x1ef48bb4af5d1613dd7aba69ae2d4d5615406562:0x2f 
0x1ef48bb4af5d1613dd7aba69ae2d4d5615406562:0x30 
0x1ef48bb4af5d1613dd7aba69ae2d4d5615406562:0x35 
0x1ef48bb4af5d1613dd7aba69ae2d4d5615406562:0x36 
0x1ef48bb4af5d1613dd7aba69ae2d4d5615406562:0x37 
0x1ef48bb4af5d1613dd7aba69ae2d4d5615406562:0x3c 
0x1ef48bb4af5d1613dd7aba69ae2d4d5615406562:0x3d 
0x1ef48bb4af5d1613dd7aba69ae2d4d5615406562:0x40 
0x1ef48bb4af5d1613dd7aba69ae2d4d5615406562:0x41 
0x1ef48bb4af5d1613dd7aba69ae2d4d5615406562:0x42 
0x1ef48bb4af5d1613dd7aba69ae2d4d5615406562:0x47 
0x1ef48bb4af5d1613dd7aba69ae2d4d5615406562:0x48 
0x1ef48bb4af5d1613dd7aba69ae2d4d5615406562:0x4b 
0x1ef48bb4af5d1613dd7aba69ae2d4d5615406562:0x4c 
0x1ef48bb4af5d1613dd7aba69ae2d4d5615406562:0x4d 
0x1ef48bb4af5d1613dd7aba69ae2d4d5615406562:0x4e 
0x1ef48bb4af5d1613dd7aba69ae2d4d5615406562:0x50 
0x1ef48bb4af5d1613dd7aba69ae2d4d5615406562:0x51 
0x1ef48bb4af5d1613dd7aba69ae2d4d5615406562:0x52 
0x1ef48bb4af5d1613dd7aba69ae2d4d5615406562:0x67 
0x1ef48bb4af5d1613dd7aba69ae2d4d5615406562:0x68 
0x1ef48bb4af5d1613dd7aba69ae2d4d5615406562:0x7d 
0x1ef48bb4af5d1613dd7aba69ae2d4d5615406562:0x7e 
0x1ef48bb4af5d1613dd7aba69ae2d4d5615406562:0x7f 
0x1ef48bb4af5d1613dd7aba69ae2d4d5615406562:0x80 
0x1ef48bb4af5d1613dd7aba69ae2d4d5615406562:0x82 
0x1ef48bb4af5d1613dd7aba69ae2d4d5615406562:0x83 
0x1ef48bb4af5d1613dd7aba69ae2d4d5615406562:0x84 
0x1ef48bb4af5d1613dd7aba69ae2d4d5615406562:0x85 
0x1ef48bb4af5d1613dd7aba69ae2d4d5615406562:0x86 
0x1ef48bb4af5d1613dd7aba69ae2d4d5615406562:0x88 
0x1ef48bb4af5d1613dd7aba69ae2d4d5615406562:0x89 
0x1ef48bb4af5d1613dd7aba69ae2d4d5615406562:0x8b 
0x1ef48bb4af5d1613dd7aba69ae2d4d5615406562:0x8c 
0x1ef48bb4af5d1613dd7aba69ae2d4d5615406562:0x8e 
0x1ef48bb4af5d1613dd7aba69ae2d4d5615406562:0x8f 
0x1ef48bb4af5d1613dd7aba69ae2d4d5615406562:0x90 
0x1ef48bb4af5d1613dd7aba69ae2d4d5615406562:0x91 
0x1ef48bb4af5d1613dd7aba69ae2d4d5615406562:0x92 
0x1ef48bb4af5d1613dd7aba69ae2d4d5615406562:0x93 
0x1ef48bb4af5d1613dd7aba69ae2d4d5615406562:0x94 
0x1ef48bb4af5d1613dd7aba69ae2d4d5615406562:0x95 
0x1ef48bb4af5d1613dd7aba69ae2d4d5615406562:0x96 
0x1ef48bb4af5d1613dd7aba69ae2d4d5615406562:0x97 
0x1ef48bb4af5d1613dd7aba69ae2d4d5615406562:0x98 
0x1ef48bb4af5d1613dd7aba69ae2d4d5615406562:0x99 
