---
0x1ef48bb4af5d1613dd7aba69ae2d4d5615406562:0x0 *
0x1ef48bb4af5d1613dd7aba69ae2d4d5615406562:0x2 *
0x1ef48bb4af5d1613dd7aba69ae2d4d5615406562:0x4 *
0x1ef48bb4af5d1613dd7aba69ae2d4d5615406562:0x5 *
0x1ef48bb4af5d1613dd7aba69ae2d4d5615406562:0x6 *
0x1ef48bb4af5d1613dd7aba69ae2d4d5615406562:0x7 *
0x1ef48bb4af5d1613dd7aba69ae2d4d5615406562:0x8 *
0x1ef48bb4af5d1613dd7aba69ae2d4d5615406562:0xb *
0x1ef48bb4af5d1613dd7aba69ae2d4d5615406562:0x10 *
0x1ef48bb4af5d1613dd7aba69ae2d4d5615406562:0x11 *
0x1ef48bb4af5d1613dd7aba69ae2d4d5615406562:0x12 *
0x1ef48bb4af5d1613dd7aba69ae2d4d5615406562:0x15 *
0x1ef48bb4af5d1613dd7aba69ae2d4d5615406562:0x16 *
0x1ef48bb4af5d1613dd7aba69ae2d4d5615406562:0x19 *
0x1ef48bb4af5d1613dd7aba69ae2d4d5615406562:0x1b *
0x1ef48bb4af5d1613dd7aba69ae2d4d5615406562:0x1c *
0x1ef48bb4af5d1613dd7aba69ae2d4d5615406562:0x1e *
---
0x1ef48bb4af5d1613dd7aba69ae2d4d5615406562:0x0 
0x1ef48bb4af5d1613dd7aba69ae2d4d5615406562:0x2 
0x1ef48bb4af5d1613dd7aba69ae2d4d5615406562:0x4 
0x1ef48bb4af5d1613dd7aba69ae2d4d5615406562:0x5 
0x1ef48bb4af5d1613dd7aba69ae2d4d5615406562:0x7 
0x1ef48bb4af5d1613dd7aba69ae2d4d5615406562:0x8 
0x1ef48bb4af5d1613dd7aba69ae2d4d5615406562:0x9 
0x1ef48bb4af5d1613dd7aba69ae2d4d5615406562:0xc 
0x1ef48bb4af5d1613dd7aba69ae2d4d5615406562:0xd 
0x1ef48bb4af5d1613dd7aba69ae2d4d5615406562:0xf 
0x1ef48bb4af5d1613dd7aba69ae2d4d5615406562:0x10 
0x1ef48bb4af5d1613dd7aba69ae2d4d5615406562:0x2e 
0x1ef48bb4af5d1613dd7aba69ae2d4d5615406562:0x2f 
0x1ef48bb4af5d1613dd7aba69ae2d4d5615406562:0x30 
0x1ef48bb4af5d1613dd7aba69ae2d4d5615406562:0x35 
0x1ef48bb4af5d1613dd7aba69ae2d4d5615406562:0x36 
0x1ef48bb4af5d1613dd7aba69ae2d4d5615406562:0x37 
0x1ef48bb4af5d1613dd7aba69ae2d4d5615406562:0x3c 
0x1ef48bb4af5d1613dd7aba69ae2d4d5615406562:0x3d 
0x1ef48bb4af5d1613dd7aba69ae2d4d5615406562:0x40 
0x1ef48bb4af5d1613dd7aba69ae2d4d5615406562:0x41 
0x1ef48bb4af5d1613dd7aba69ae2d4d5615406562:0x42 
0x1ef48bb4af5d1613dd7aba69ae2d4d5615406562:0x47 
0x1ef48bb4af5d1613dd7aba69ae2d4d5615406562:0x48 
0x1ef48bb4af5d1613dd7aba69ae2d4d5615406562:0x4b 
0x1ef48bb4af5d1613dd7aba69ae2d4d5615406562:0x4c 
0x1ef48bb4af5d1613dd7aba69ae2d4d5615406562:0x4d 
0x1ef48bb4af5d1613dd7aba69ae2d4d5615406562:0x4e 
0x1ef48bb4af5d1613dd7aba69ae2d4d5615406562:0x50 
0x1ef48bb4af5d1613dd7aba69ae2d4d5615406562:0x51 
0x1ef48bb4af5d1613dd7aba69ae2d4d5615406562:0x52 
0x1ef48bb4af5d1613dd7aba69ae2d4d5615406562:0x67 
0x1ef48bb4af5d1613dd7aba69ae2d4d5615406562:0x68 
0x1ef48bb4af5d1613dd7aba69ae2d4d5615406562:0x7d 
0x1ef48bb4af5d1613dd7aba69ae2d4d5615406562:0x7e 
0x1ef48bb4af5d1613dd7aba69ae2d4d5615406562:0x7f 
0x1ef48bb4af5d1613dd7aba69ae2d4d5615406562:0x80 
0x1ef48bb4af5d1613dd7aba69ae2d4d5615406562:0x82 
0x1ef48bb4af5d1613dd7aba69ae2d4d5615406562:0x83 
0x1ef48bb4af5d1613dd7aba69ae2d4d5615406562:0x84 
0x1ef48bb4af5d1613dd7aba69ae2d4d5615406562:0x85 
0x1ef48bb4af5d1613dd7aba69ae2d4d5615406562:0x86 
0x1ef48bb4af5d1613dd7aba69ae2d4d5615406562:0x88 
0x1ef48bb4af5d1613dd7aba69ae2d4d5615406562:0x89 
0x1ef48bb4af5d1613dd7aba69ae2d4d5615406562:0x8b 
0x1ef48bb4af5d1613dd7aba69ae2d4d5615406562:0x8c 
0x1ef48bb4af5d1613dd7aba69ae2d4d5615406562:0x8e 
0x1ef48bb4af5d1613dd7aba69ae2d4d5615406562:0x8f 
0x1ef48bb4af5d1613dd7aba69ae2d4d5615406562:0x90 
0x1ef48bb4af5d1613dd7aba69ae2d4d5615406562:0x91 
0x1ef48bb4af5d1613dd7aba69ae2d4d5615406562:0x92 
0x1ef48bb4af5d1613dd7aba69ae2d4d5615406562:0x93 
0x1ef48bb4af5d1613dd7aba69ae2d4d5615406562:0x94 
0x1ef48bb4af5d1613dd7aba69ae2d4d5615406562:0x95 
0x1ef48bb4af5d1613dd7aba69ae2d4d5615406562:0x96 
0x1ef48bb4af5d1613dd7aba69ae2d4d5615406562:0x97 
0x1ef48bb4af5d1613dd7aba69ae2d4d5615406562:0x98 
0x1ef48bb4af5d1613dd7aba69ae2d4d5615406562:0x99 
