---
0x1ef48bb4af5d1613dd7aba69ae2d4d5615406562:0x0 *
0x1ef48bb4af5d1613dd7aba69ae2d4d5615406562:0x2 *
0x1ef48bb4af5d1613dd7aba69ae2d4d5615406562:0x4 *
0x1ef48bb4af5d1613dd7aba69ae2d4d5615406562:0x5 *
0x1ef48bb4af5d1613dd7aba69ae2d4d5615406562:0x6 *
0x1ef48bb4af5d1613dd7aba69ae2d4d5615406562:0x7 *
0x1ef48bb4af5d1613dd7aba69ae2d4d5615406562:0x8 *
0x1ef48bb4af5d1613dd7aba69ae2d4d5615406562:0xb *
0x1ef48bb4af5d1613dd7aba69ae2d4d5615406562:0x10 *
0x1ef48bb4af5d1613dd7aba69ae2d4d5615406562:0x11 *
0x1ef48bb4af5d1613dd7aba69ae2d4d5615406562:0x12 *
0x1ef48bb4af5d1613dd7aba69ae2d4d5615406562:0x15 *
0x1ef48bb4af5d1613dd7aba69ae2d4d5615406562:0x16 *
0x1ef48bb4af5d1613dd7aba69ae2d4d5615406562:0x19 *
0x1ef48bb4af5d1613dd7aba69ae2d4d5615406562:0x1b *
0x1ef48bb4af5d1613dd7aba69ae2d4d5615406562:0x1c *
0x1ef48bb4af5d1613dd7aba69ae2d4d5615406562:0x1e *
---
0x1ef48bb4af5d1613dd7aba69ae2d4d5615406562:0x0 
0x1ef48bb4af5d1613dd7aba69ae2d4d5615406562:0x2 
0x1ef48bb4af5d1613dd7aba69ae2d4d5615406562:0x4 
0x1ef48bb4af5d1613dd7aba69ae2d4d5615406562:0x5 
0x1ef48bb4af5d1613dd7aba69ae2d4d5615406562:0x7 
0x1ef48bb4af5d1613dd7aba69ae2d4d5615406562:0x8 
0x1ef48bb4af5d1613dd7aba69ae2d4d5615406562:0x9 
0x1ef48bb4af5d1613dd7aba69ae2d4d5615406562:0xc 
0x1ef48bb4af5d1613dd7aba69ae2d4d5615406562:0xd 
0x1ef48bb4af5d1613dd7aba69ae2d4d5615406562:0xf 
0x1ef48bb4af5d1613dd7aba69ae2d4d5615406562:0x10 
0x1ef48bb4af5d1613dd7aba69ae2d4d5615406562:0x2e 
0x1ef48bb4af5d1613dd7aba69ae2d4d5615406562:0x2f 
0x1ef48bb4af5d1613dd7aba69ae2d4d5615406562:0x30 
0x1ef48bb4af5d1613dd7aba69ae2d4d5615406562:0x35 
0x1ef48bb4af5d1613dd7aba69ae2d4d5615406562:0x36 
0x1ef48bb4af5d1613dd7aba69ae2d4d5615406562:0x37 
0x1ef48bb4af5d1613dd7aba69ae2d4d5615406562:0x3c 
0x1ef48bb4af5d1613dd7aba69ae2d4d5615406562:0x3d 
0x1ef48bb4af5d1613dd7aba69ae2d4d5615406562:0x40 
0x1ef48bb4af5d1613dd7aba69ae2d4d5615406562:0x9a 
0x1ef48bb4af5d1613dd7aba69ae2d4d5615406562:0x9b 
0x1ef48bb4af5d1613dd7aba69ae2d4d5615406562:0x9c 
0x1ef48bb4af5d1613dd7aba69ae2d4d5615406562:0x9d 
0x1ef48bb4af5d1613dd7aba69ae2d4d5615406562:0x9e 
0x1ef48bb4af5d1613dd7aba69ae2d4d5615406562:0xa1 
0x1ef48bb4af5d1613dd7aba69ae2d4d5615406562:0xa2 
0x1ef48bb4af5d1613dd7aba69ae2d4d5615406562:0xa4 
0x1ef48bb4af5d1613dd7aba69ae2d4d5615406562:0xa5 
