---
0x50cf8c32c8867967a6fad89bc54da485ec617023:0x0 *
0x50cf8c32c8867967a6fad89bc54da485ec617023:0x2 *
0x50cf8c32c8867967a6fad89bc54da485ec617023:0x4 *
0x50cf8c32c8867967a6fad89bc54da485ec617023:0x5 *
0x50cf8c32c8867967a6fad89bc54da485ec617023:0x6 *
0x50cf8c32c8867967a6fad89bc54da485ec617023:0x7 *
0x50cf8c32c8867967a6fad89bc54da485ec617023:0x8 *
0x50cf8c32c8867967a6fad89bc54da485ec617023:0xb *
0x50cf8c32c8867967a6fad89bc54da485ec617023:0x10 *
0x50cf8c32c8867967a6fad89bc54da485ec617023:0x11 *
0x50cf8c32c8867967a6fad89bc54da485ec617023:0x12 *
0x50cf8c32c8867967a6fad89bc54da485ec617023:0x15 *
0x50cf8c32c8867967a6fad89bc54da485ec617023:0x16 *
0x50cf8c32c8867967a6fad89bc54da485ec617023:0x19 *
0x50cf8c32c8867967a6fad89bc54da485ec617023:0x1b *
0x50cf8c32c8867967a6fad89bc54da485ec617023:0x1c *
0x50cf8c32c8867967a6fad89bc54da485ec617023:0x1e *
---
0x50cf8c32c8867967a6fad89bc54da485ec617023:0x0 
0x50cf8c32c8867967a6fad89bc54da485ec617023:0x2 
0x50cf8c32c8867967a6fad89bc54da485ec617023:0x4 
0x50cf8c32c8867967a6fad89bc54da485ec617023:0x5 
0x50cf8c32c8867967a6fad89bc54da485ec617023:0x7 
0x50cf8c32c8867967a6fad89bc54da485ec617023:0x8 
0x50cf8c32c8867967a6fad89bc54da485ec617023:0x9 
0x50cf8c32c8867967a6fad89bc54da485ec617023:0xc 
0x50cf8c32c8867967a6fad89bc54da485ec617023:0xd 
0x50cf8c32c8867967a6fad89bc54da485ec617023:0xf 
0x50cf8c32c8867967a6fad89bc54da485ec617023:0x10 
0x50cf8c32c8867967a6fad89bc54da485ec617023:0x2e 
0x50cf8c32c8867967a6fad89bc54da485ec617023:0x2f 
0x50cf8c32c8867967a6fad89bc54da485ec617023:0x30 
0x50cf8c32c8867967a6fad89bc54da485ec617023:0x35 
0x50cf8c32c8867967a6fad89bc54da485ec617023:0x36 
0x50cf8c32c8867967a6fad89bc54da485ec617023:0x37 
0x50cf8c32c8867967a6fad89bc54da485ec617023:0x3c 
0x50cf8c32c8867967a6fad89bc54da485ec617023:0x3d 
0x50cf8c32c8867967a6fad89bc54da485ec617023:0x40 
0x50cf8c32c8867967a6fad89bc54da485ec617023:0x9a 
0x50cf8c32c8867967a6fad89bc54da485ec617023:0x9b 
0x50cf8c32c8867967a6fad89bc54da485ec617023:0x9c 
0x50cf8c32c8867967a6fad89bc54da485ec617023:0x9d 
0x50cf8c32c8867967a6fad89bc54da485ec617023:0x9e 
0x50cf8c32c8867967a6fad89bc54da485ec617023:0xa1 
0x50cf8c32c8867967a6fad89bc54da485ec617023:0xa2 
0x50cf8c32c8867967a6fad89bc54da485ec617023:0xa4 
0x50cf8c32c8867967a6fad89bc54da485ec617023:0xa5 
