---
0x50cf8c32c8867967a6fad89bc54da485ec617023:0x0 *
0x50cf8c32c8867967a6fad89bc54da485ec617023:0x2 *
0x50cf8c32c8867967a6fad89bc54da485ec617023:0x4 *
0x50cf8c32c8867967a6fad89bc54da485ec617023:0x5 *
0x50cf8c32c8867967a6fad89bc54da485ec617023:0x6 *
0x50cf8c32c8867967a6fad89bc54da485ec617023:0x7 *
0x50cf8c32c8867967a6fad89bc54da485ec617023:0x8 *
0x50cf8c32c8867967a6fad89bc54da485ec617023:0xb *
0x50cf8c32c8867967a6fad89bc54da485ec617023:0x10 *
0x50cf8c32c8867967a6fad89bc54da485ec617023:0x11 *
0x50cf8c32c8867967a6fad89bc54da485ec617023:0x12 *
0x50cf8c32c8867967a6fad89bc54da485ec617023:0x15 *
0x50cf8c32c8867967a6fad89bc54da485ec617023:0x16 *
0x50cf8c32c8867967a6fad89bc54da485ec617023:0x19 *
0x50cf8c32c8867967a6fad89bc54da485ec617023:0x1b *
0x50cf8c32c8867967a6fad89bc54da485ec617023:0x1c *
0x50cf8c32c8867967a6fad89bc54da485ec617023:0x1e *
---
0x50cf8c32c8867967a6fad89bc54da485ec617023:0x0 
0x50cf8c32c8867967a6fad89bc54da485ec617023:0x2 
0x50cf8c32c8867967a6fad89bc54da485ec617023:0x4 
0x50cf8c32c8867967a6fad89bc54da485ec617023:0x5 
0x50cf8c32c8867967a6fad89bc54da485ec617023:0x7 
0x50cf8c32c8867967a6fad89bc54da485ec617023:0x8 
0x50cf8c32c8867967a6fad89bc54da485ec617023:0x9 
0x50cf8c32c8867967a6fad89bc54da485ec617023:0xc 
0x50cf8c32c8867967a6fad89bc54da485ec617023:0xd 
0x50cf8c32c8867967a6fad89bc54da485ec617023:0xf 
0x50cf8c32c8867967a6fad89bc54da485ec617023:0x10 
0x50cf8c32c8867967a6fad89bc54da485ec617023:0x2e 
0x50cf8c32c8867967a6fad89bc54da485ec617023:0x2f 
0x50cf8c32c8867967a6fad89bc54da485ec617023:0x30 
0x50cf8c32c8867967a6fad89bc54da485ec617023:0x35 
0x50cf8c32c8867967a6fad89bc54da485ec617023:0x36 
0x50cf8c32c8867967a6fad89bc54da485ec617023:0x37 
0x50cf8c32c8867967a6fad89bc54da485ec617023:0x3c 
0x50cf8c32c8867967a6fad89bc54da485ec617023:0x3d 
0x50cf8c32c8867967a6fad89bc54da485ec617023:0x40 
0x50cf8c32c8867967a6fad89bc54da485ec617023:0x41 
0x50cf8c32c8867967a6fad89bc54da485ec617023:0x42 
0x50cf8c32c8867967a6fad89bc54da485ec617023:0x47 
0x50cf8c32c8867967a6fad89bc54da485ec617023:0x48 
0x50cf8c32c8867967a6fad89bc54da485ec617023:0x4b 
0x50cf8c32c8867967a6fad89bc54da485ec617023:0xf1 
0x50cf8c32c8867967a6fad89bc54da485ec617023:0xf2 
0x50cf8c32c8867967a6fad89bc54da485ec617023:0xf3 
0x50cf8c32c8867967a6fad89bc54da485ec617023:0xf4 
0x50cf8c32c8867967a6fad89bc54da485ec617023:0xf5 
0x50cf8c32c8867967a6fad89bc54da485ec617023:0xf8 
0x50cf8c32c8867967a6fad89bc54da485ec617023:0xfd 
0x50cf8c32c8867967a6fad89bc54da485ec617023:0xfe 
0x50cf8c32c8867967a6fad89bc54da485ec617023:0xff 
0x50cf8c32c8867967a6fad89bc54da485ec617023:0x102 
0x50cf8c32c8867967a6fad89bc54da485ec617023:0x104 
0x50cf8c32c8867967a6fad89bc54da485ec617023:0x105 
0x50cf8c32c8867967a6fad89bc54da485ec617023:0x106 
0x50cf8c32c8867967a6fad89bc54da485ec617023:0x107 
0x50cf8c32c8867967a6fad89bc54da485ec617023:0x108 
0x50cf8c32c8867967a6fad89bc54da485ec617023:0x109 
0x50cf8c32c8867967a6fad89bc54da485ec617023:0x10a 
0x50cf8c32c8867967a6fad89bc54da485ec617023:0x10b 
0x50cf8c32c8867967a6fad89bc54da485ec617023:0x10c 
0x50cf8c32c8867967a6fad89bc54da485ec617023:0x10d 
0x50cf8c32c8867967a6fad89bc54da485ec617023:0x122 
0x50cf8c32c8867967a6fad89bc54da485ec617023:0x123 
0x50cf8c32c8867967a6fad89bc54da485ec617023:0x124 
0x50cf8c32c8867967a6fad89bc54da485ec617023:0x126 
0x50cf8c32c8867967a6fad89bc54da485ec617023:0x127 
0x50cf8c32c8867967a6fad89bc54da485ec617023:0x128 
0x50cf8c32c8867967a6fad89bc54da485ec617023:0x129 
0x50cf8c32c8867967a6fad89bc54da485ec617023:0x12a 
0x50cf8c32c8867967a6fad89bc54da485ec617023:0x12b 
0x50cf8c32c8867967a6fad89bc54da485ec617023:0x12c 
0x50cf8c32c8867967a6fad89bc54da485ec617023:0x12d 
0x50cf8c32c8867967a6fad89bc54da485ec617023:0x12e 
0x50cf8c32c8867967a6fad89bc54da485ec617023:0x130 
0x50cf8c32c8867967a6fad89bc54da485ec617023:0x131 
0x50cf8c32c8867967a6fad89bc54da485ec617023:0x132 
0x50cf8c32c8867967a6fad89bc54da485ec617023:0x133 
0x50cf8c32c8867967a6fad89bc54da485ec617023:0x134 
0x50cf8c32c8867967a6fad89bc54da485ec617023:0x135 
0x50cf8c32c8867967a6fad89bc54da485ec617023:0x136 
0x50cf8c32c8867967a6fad89bc54da485ec617023:0x137 
0x50cf8c32c8867967a6fad89bc54da485ec617023:0x138 
0x50cf8c32c8867967a6fad89bc54da485ec617023:0x13b 
0x50cf8c32c8867967a6fad89bc54da485ec617023:0x156 
0x50cf8c32c8867967a6fad89bc54da485ec617023:0x157 
0x50cf8c32c8867967a6fad89bc54da485ec617023:0x159 
0x50cf8c32c8867967a6fad89bc54da485ec617023:0x15a 
0x50cf8c32c8867967a6fad89bc54da485ec617023:0x15c 
0x50cf8c32c8867967a6fad89bc54da485ec617023:0x15d 
0x50cf8c32c8867967a6fad89bc54da485ec617023:0x15e 
0x50cf8c32c8867967a6fad89bc54da485ec617023:0x173 
0x50cf8c32c8867967a6fad89bc54da485ec617023:0x174 
0x50cf8c32c8867967a6fad89bc54da485ec617023:0x189 
0x50cf8c32c8867967a6fad89bc54da485ec617023:0x18a 
0x50cf8c32c8867967a6fad89bc54da485ec617023:0x18b 
0x50cf8c32c8867967a6fad89bc54da485ec617023:0x18c 
0x50cf8c32c8867967a6fad89bc54da485ec617023:0x18e 
0x50cf8c32c8867967a6fad89bc54da485ec617023:0x18f 
0x50cf8c32c8867967a6fad89bc54da485ec617023:0x190 
0x50cf8c32c8867967a6fad89bc54da485ec617023:0x191 
0x50cf8c32c8867967a6fad89bc54da485ec617023:0x192 
0x50cf8c32c8867967a6fad89bc54da485ec617023:0x194 
0x50cf8c32c8867967a6fad89bc54da485ec617023:0x195 
0x50cf8c32c8867967a6fad89bc54da485ec617023:0x197 
0x50cf8c32c8867967a6fad89bc54da485ec617023:0x198 
0x50cf8c32c8867967a6fad89bc54da485ec617023:0x199 
0x50cf8c32c8867967a6fad89bc54da485ec617023:0x19a 
0x50cf8c32c8867967a6fad89bc54da485ec617023:0x19b 
0x50cf8c32c8867967a6fad89bc54da485ec617023:0x19c 
0x50cf8c32c8867967a6fad89bc54da485ec617023:0x19d 
0x50cf8c32c8867967a6fad89bc54da485ec617023:0x19e 
0x50cf8c32c8867967a6fad89bc54da485ec617023:0x1a1 
0x50cf8c32c8867967a6fad89bc54da485ec617023:0x1a6 
0x50cf8c32c8867967a6fad89bc54da485ec617023:0x1a7 
0x50cf8c32c8867967a6fad89bc54da485ec617023:0x1a8 
0x50cf8c32c8867967a6fad89bc54da485ec617023:0x1aa 
0x50cf8c32c8867967a6fad89bc54da485ec617023:0x1ab 
0x50cf8c32c8867967a6fad89bc54da485ec617023:0x1ac 
0x50cf8c32c8867967a6fad89bc54da485ec617023:0x1c1 
0x50cf8c32c8867967a6fad89bc54da485ec617023:0x1c2 
0x50cf8c32c8867967a6fad89bc54da485ec617023:0x1d7 
0x50cf8c32c8867967a6fad89bc54da485ec617023:0x1d8 
0x50cf8c32c8867967a6fad89bc54da485ec617023:0x1d9 
0x50cf8c32c8867967a6fad89bc54da485ec617023:0x1da 
0x50cf8c32c8867967a6fad89bc54da485ec617023:0x1dc 
0x50cf8c32c8867967a6fad89bc54da485ec617023:0x1dd 
0x50cf8c32c8867967a6fad89bc54da485ec617023:0x1de 
0x50cf8c32c8867967a6fad89bc54da485ec617023:0x1df 
0x50cf8c32c8867967a6fad89bc54da485ec617023:0x1e0 
0x50cf8c32c8867967a6fad89bc54da485ec617023:0x1e2 
0x50cf8c32c8867967a6fad89bc54da485ec617023:0x1e3 
0x50cf8c32c8867967a6fad89bc54da485ec617023:0x1e5 
0x50cf8c32c8867967a6fad89bc54da485ec617023:0x1e6 
0x50cf8c32c8867967a6fad89bc54da485ec617023:0x1e8 
0x50cf8c32c8867967a6fad89bc54da485ec617023:0x1e9 
0x50cf8c32c8867967a6fad89bc54da485ec617023:0x1ea 
0x50cf8c32c8867967a6fad89bc54da485ec617023:0x1eb 
0x50cf8c32c8867967a6fad89bc54da485ec617023:0x1ec 
0x50cf8c32c8867967a6fad89bc54da485ec617023:0x1ed 
0x50cf8c32c8867967a6fad89bc54da485ec617023:0x1ee 
0x50cf8c32c8867967a6fad89bc54da485ec617023:0x1ef 
0x50cf8c32c8867967a6fad89bc54da485ec617023:0x1f0 
0x50cf8c32c8867967a6fad89bc54da485ec617023:0x1f1 
0x50cf8c32c8867967a6fad89bc54da485ec617023:0x1f2 
0x50cf8c32c8867967a6fad89bc54da485ec617023:0x1f3 
0x50cf8c32c8867967a6fad89bc54da485ec617023:0x1f4 
0x50cf8c32c8867967a6fad89bc54da485ec617023:0x1f6 
0x50cf8c32c8867967a6fad89bc54da485ec617023:0x1f7 
0x50cf8c32c8867967a6fad89bc54da485ec617023:0x1f8 
0x50cf8c32c8867967a6fad89bc54da485ec617023:0x20d 
0x50cf8c32c8867967a6fad89bc54da485ec617023:0x20e 
0x50cf8c32c8867967a6fad89bc54da485ec617023:0x223 
0x50cf8c32c8867967a6fad89bc54da485ec617023:0x224 
0x50cf8c32c8867967a6fad89bc54da485ec617023:0x225 
0x50cf8c32c8867967a6fad89bc54da485ec617023:0x226 
0x50cf8c32c8867967a6fad89bc54da485ec617023:0x228 
0x50cf8c32c8867967a6fad89bc54da485ec617023:0x229 
0x50cf8c32c8867967a6fad89bc54da485ec617023:0x22a 
0x50cf8c32c8867967a6fad89bc54da485ec617023:0x22b 
0x50cf8c32c8867967a6fad89bc54da485ec617023:0x22c 
0x50cf8c32c8867967a6fad89bc54da485ec617023:0x22e 
0x50cf8c32c8867967a6fad89bc54da485ec617023:0x22f 
0x50cf8c32c8867967a6fad89bc54da485ec617023:0x231 
0x50cf8c32c8867967a6fad89bc54da485ec617023:0x232 
0x50cf8c32c8867967a6fad89bc54da485ec617023:0x234 
0x50cf8c32c8867967a6fad89bc54da485ec617023:0x235 
0x50cf8c32c8867967a6fad89bc54da485ec617023:0x236 
0x50cf8c32c8867967a6fad89bc54da485ec617023:0x237 
0x50cf8c32c8867967a6fad89bc54da485ec617023:0x238 
0x50cf8c32c8867967a6fad89bc54da485ec617023:0x239 
0x50cf8c32c8867967a6fad89bc54da485ec617023:0x23a 
0x50cf8c32c8867967a6fad89bc54da485ec617023:0x23b 
0x50cf8c32c8867967a6fad89bc54da485ec617023:0x23c 
0x50cf8c32c8867967a6fad89bc54da485ec617023:0x23d 
0x50cf8c32c8867967a6fad89bc54da485ec617023:0x23e 
0x50cf8c32c8867967a6fad89bc54da485ec617023:0x23f 
0x50cf8c32c8867967a6fad89bc54da485ec617023:0x240 
0x50cf8c32c8867967a6fad89bc54da485ec617023:0x241 
0x50cf8c32c8867967a6fad89bc54da485ec617023:0x13c 
0x50cf8c32c8867967a6fad89bc54da485ec617023:0x13d 
---
0x50cf8c32c8867967a6fad89bc54da485ec617023:0x0 
0x50cf8c32c8867967a6fad89bc54da485ec617023:0x2 
0x50cf8c32c8867967a6fad89bc54da485ec617023:0x4 
0x50cf8c32c8867967a6fad89bc54da485ec617023:0x5 
0x50cf8c32c8867967a6fad89bc54da485ec617023:0x7 
0x50cf8c32c8867967a6fad89bc54da485ec617023:0x8 
0x50cf8c32c8867967a6fad89bc54da485ec617023:0x9 
0x50cf8c32c8867967a6fad89bc54da485ec617023:0xc 
0x50cf8c32c8867967a6fad89bc54da485ec617023:0xd 
0x50cf8c32c8867967a6fad89bc54da485ec617023:0xf 
0x50cf8c32c8867967a6fad89bc54da485ec617023:0x10 
0x50cf8c32c8867967a6fad89bc54da485ec617023:0x2e 
0x50cf8c32c8867967a6fad89bc54da485ec617023:0x2f 
0x50cf8c32c8867967a6fad89bc54da485ec617023:0x30 
0x50cf8c32c8867967a6fad89bc54da485ec617023:0x35 
0x50cf8c32c8867967a6fad89bc54da485ec617023:0x36 
0x50cf8c32c8867967a6fad89bc54da485ec617023:0x37 
0x50cf8c32c8867967a6fad89bc54da485ec617023:0x3c 
0x50cf8c32c8867967a6fad89bc54da485ec617023:0x3d 
0x50cf8c32c8867967a6fad89bc54da485ec617023:0x40 
0x50cf8c32c8867967a6fad89bc54da485ec617023:0x9a 
0x50cf8c32c8867967a6fad89bc54da485ec617023:0x9b 
0x50cf8c32c8867967a6fad89bc54da485ec617023:0x9c 
0x50cf8c32c8867967a6fad89bc54da485ec617023:0x9d 
0x50cf8c32c8867967a6fad89bc54da485ec617023:0x9e 
0x50cf8c32c8867967a6fad89bc54da485ec617023:0xa1 
0x50cf8c32c8867967a6fad89bc54da485ec617023:0xa2 
0x50cf8c32c8867967a6fad89bc54da485ec617023:0xa4 
0x50cf8c32c8867967a6fad89bc54da485ec617023:0xa5 
