---
0x50cf8c32c8867967a6fad89bc54da485ec617023:0x0 *
0x50cf8c32c8867967a6fad89bc54da485ec617023:0x2 *
0x50cf8c32c8867967a6fad89bc54da485ec617023:0x4 *
0x50cf8c32c8867967a6fad89bc54da485ec617023:0x5 *
0x50cf8c32c8867967a6fad89bc54da485ec617023:0x6 *
0x50cf8c32c8867967a6fad89bc54da485ec617023:0x7 *
0x50cf8c32c8867967a6fad89bc54da485ec617023:0x8 *
0x50cf8c32c8867967a6fad89bc54da485ec617023:0xb *
0x50cf8c32c8867967a6fad89bc54da485ec617023:0x10 *
0x50cf8c32c8867967a6fad89bc54da485ec617023:0x11 *
0x50cf8c32c8867967a6fad89bc54da485ec617023:0x12 *
0x50cf8c32c8867967a6fad89bc54da485ec617023:0x15 *
0x50cf8c32c8867967a6fad89bc54da485ec617023:0x16 *
0x50cf8c32c8867967a6fad89bc54da485ec617023:0x19 *
0x50cf8c32c8867967a6fad89bc54da485ec617023:0x1b *
0x50cf8c32c8867967a6fad89bc54da485ec617023:0x1c *
0x50cf8c32c8867967a6fad89bc54da485ec617023:0x1e *
---
0x50cf8c32c8867967a6fad89bc54da485ec617023:0x0 
0x50cf8c32c8867967a6fad89bc54da485ec617023:0x2 
0x50cf8c32c8867967a6fad89bc54da485ec617023:0x4 
0x50cf8c32c8867967a6fad89bc54da485ec617023:0x5 
0x50cf8c32c8867967a6fad89bc54da485ec617023:0x7 
0x50cf8c32c8867967a6fad89bc54da485ec617023:0x8 
0x50cf8c32c8867967a6fad89bc54da485ec617023:0x9 
0x50cf8c32c8867967a6fad89bc54da485ec617023:0xc 
0x50cf8c32c8867967a6fad89bc54da485ec617023:0xd 
0x50cf8c32c8867967a6fad89bc54da485ec617023:0xf 
0x50cf8c32c8867967a6fad89bc54da485ec617023:0x10 
0x50cf8c32c8867967a6fad89bc54da485ec617023:0x2e 
0x50cf8c32c8867967a6fad89bc54da485ec617023:0x2f 
0x50cf8c32c8867967a6fad89bc54da485ec617023:0x30 
0x50cf8c32c8867967a6fad89bc54da485ec617023:0x35 
0x50cf8c32c8867967a6fad89bc54da485ec617023:0x36 
0x50cf8c32c8867967a6fad89bc54da485ec617023:0x37 
0x50cf8c32c8867967a6fad89bc54da485ec617023:0x3c 
0x50cf8c32c8867967a6fad89bc54da485ec617023:0x3d 
0x50cf8c32c8867967a6fad89bc54da485ec617023:0x40 
0x50cf8c32c8867967a6fad89bc54da485ec617023:0x41 
0x50cf8c32c8867967a6fad89bc54da485ec617023:0x42 
0x50cf8c32c8867967a6fad89bc54da485ec617023:0x47 
0x50cf8c32c8867967a6fad89bc54da485ec617023:0x48 
0x50cf8c32c8867967a6fad89bc54da485ec617023:0x4b 
0x50cf8c32c8867967a6fad89bc54da485ec617023:0x4c 
0x50cf8c32c8867967a6fad89bc54da485ec617023:0x4d 
0x50cf8c32c8867967a6fad89bc54da485ec617023:0x4e 
0x50cf8c32c8867967a6fad89bc54da485ec617023:0x50 
0x50cf8c32c8867967a6fad89bc54da485ec617023:0x51 
0x50cf8c32c8867967a6fad89bc54da485ec617023:0x52 
0x50cf8c32c8867967a6fad89bc54da485ec617023:0x67 
0x50cf8c32c8867967a6fad89bc54da485ec617023:0x68 
0x50cf8c32c8867967a6fad89bc54da485ec617023:0x7d 
0x50cf8c32c8867967a6fad89bc54da485ec617023:0x7e 
0x50cf8c32c8867967a6fad89bc54da485ec617023:0x7f 
0x50cf8c32c8867967a6fad89bc54da485ec617023:0x80 
0x50cf8c32c8867967a6fad89bc54da485ec617023:0x82 
0x50cf8c32c8867967a6fad89bc54da485ec617023:0x83 
0x50cf8c32c8867967a6fad89bc54da485ec617023:0x84 
0x50cf8c32c8867967a6fad89bc54da485ec617023:0x85 
0x50cf8c32c8867967a6fad89bc54da485ec617023:0x86 
0x50cf8c32c8867967a6fad89bc54da485ec617023:0x88 
0x50cf8c32c8867967a6fad89bc54da485ec617023:0x89 
0x50cf8c32c8867967a6fad89bc54da485ec617023:0x8b 
0x50cf8c32c8867967a6fad89bc54da485ec617023:0x8c 
0x50cf8c32c8867967a6fad89bc54da485ec617023:0x8e 
0x50cf8c32c8867967a6fad89bc54da485ec617023:0x8f 
0x50cf8c32c8867967a6fad89bc54da485ec617023:0x90 
0x50cf8c32c8867967a6fad89bc54da485ec617023:0x91 
0x50cf8c32c8867967a6fad89bc54da485ec617023:0x92 
0x50cf8c32c8867967a6fad89bc54da485ec617023:0x93 
0x50cf8c32c8867967a6fad89bc54da485ec617023:0x94 
0x50cf8c32c8867967a6fad89bc54da485ec617023:0x95 
0x50cf8c32c8867967a6fad89bc54da485ec617023:0x96 
0x50cf8c32c8867967a6fad89bc54da485ec617023:0x97 
0x50cf8c32c8867967a6fad89bc54da485ec617023:0x98 
0x50cf8c32c8867967a6fad89bc54da485ec617023:0x99 
---
0x50cf8c32c8867967a6fad89bc54da485ec617023:0x0 
0x50cf8c32c8867967a6fad89bc54da485ec617023:0x2 
0x50cf8c32c8867967a6fad89bc54da485ec617023:0x4 
0x50cf8c32c8867967a6fad89bc54da485ec617023:0x5 
0x50cf8c32c8867967a6fad89bc54da485ec617023:0x7 
0x50cf8c32c8867967a6fad89bc54da485ec617023:0x8 
0x50cf8c32c8867967a6fad89bc54da485ec617023:0x9 
0x50cf8c32c8867967a6fad89bc54da485ec617023:0xc 
0x50cf8c32c8867967a6fad89bc54da485ec617023:0xd 
0x50cf8c32c8867967a6fad89bc54da485ec617023:0xf 
0x50cf8c32c8867967a6fad89bc54da485ec617023:0x10 
0x50cf8c32c8867967a6fad89bc54da485ec617023:0x2e 
0x50cf8c32c8867967a6fad89bc54da485ec617023:0x2f 
0x50cf8c32c8867967a6fad89bc54da485ec617023:0x30 
0x50cf8c32c8867967a6fad89bc54da485ec617023:0x35 
0x50cf8c32c8867967a6fad89bc54da485ec617023:0x36 
0x50cf8c32c8867967a6fad89bc54da485ec617023:0x37 
0x50cf8c32c8867967a6fad89bc54da485ec617023:0x3c 
0x50cf8c32c8867967a6fad89bc54da485ec617023:0x3d 
0x50cf8c32c8867967a6fad89bc54da485ec617023:0x40 
0x50cf8c32c8867967a6fad89bc54da485ec617023:0x9a 
0x50cf8c32c8867967a6fad89bc54da485ec617023:0x9b 
0x50cf8c32c8867967a6fad89bc54da485ec617023:0x9c 
0x50cf8c32c8867967a6fad89bc54da485ec617023:0x9d 
0x50cf8c32c8867967a6fad89bc54da485ec617023:0x9e 
0x50cf8c32c8867967a6fad89bc54da485ec617023:0xa1 
0x50cf8c32c8867967a6fad89bc54da485ec617023:0xa2 
0x50cf8c32c8867967a6fad89bc54da485ec617023:0xa4 
0x50cf8c32c8867967a6fad89bc54da485ec617023:0xa5 
