---
0x50cf8c32c8867967a6fad89bc54da485ec617023:0x0 *
0x50cf8c32c8867967a6fad89bc54da485ec617023:0x2 *
0x50cf8c32c8867967a6fad89bc54da485ec617023:0x4 *
0x50cf8c32c8867967a6fad89bc54da485ec617023:0x5 *
0x50cf8c32c8867967a6fad89bc54da485ec617023:0x6 *
0x50cf8c32c8867967a6fad89bc54da485ec617023:0x7 *
0x50cf8c32c8867967a6fad89bc54da485ec617023:0x8 *
0x50cf8c32c8867967a6fad89bc54da485ec617023:0xb *
0x50cf8c32c8867967a6fad89bc54da485ec617023:0x10 *
0x50cf8c32c8867967a6fad89bc54da485ec617023:0x11 *
0x50cf8c32c8867967a6fad89bc54da485ec617023:0x12 *
0x50cf8c32c8867967a6fad89bc54da485ec617023:0x15 *
0x50cf8c32c8867967a6fad89bc54da485ec617023:0x16 *
0x50cf8c32c8867967a6fad89bc54da485ec617023:0x19 *
0x50cf8c32c8867967a6fad89bc54da485ec617023:0x1b *
0x50cf8c32c8867967a6fad89bc54da485ec617023:0x1c *
0x50cf8c32c8867967a6fad89bc54da485ec617023:0x1e *
---
0x50cf8c32c8867967a6fad89bc54da485ec617023:0x0 
0x50cf8c32c8867967a6fad89bc54da485ec617023:0x2 
0x50cf8c32c8867967a6fad89bc54da485ec617023:0x4 
0x50cf8c32c8867967a6fad89bc54da485ec617023:0x5 
0x50cf8c32c8867967a6fad89bc54da485ec617023:0x7 
0x50cf8c32c8867967a6fad89bc54da485ec617023:0x8 
0x50cf8c32c8867967a6fad89bc54da485ec617023:0x9 
0x50cf8c32c8867967a6fad89bc54da485ec617023:0xc 
0x50cf8c32c8867967a6fad89bc54da485ec617023:0xd 
0x50cf8c32c8867967a6fad89bc54da485ec617023:0xf 
0x50cf8c32c8867967a6fad89bc54da485ec617023:0x10 
0x50cf8c32c8867967a6fad89bc54da485ec617023:0x2e 
0x50cf8c32c8867967a6fad89bc54da485ec617023:0x2f 
0x50cf8c32c8867967a6fad89bc54da485ec617023:0x30 
0x50cf8c32c8867967a6fad89bc54da485ec617023:0x35 
0x50cf8c32c8867967a6fad89bc54da485ec617023:0x36 
0x50cf8c32c8867967a6fad89bc54da485ec617023:0x37 
0x50cf8c32c8867967a6fad89bc54da485ec617023:0x3c 
0x50cf8c32c8867967a6fad89bc54da485ec617023:0x3d 
0x50cf8c32c8867967a6fad89bc54da485ec617023:0x40 
0x50cf8c32c8867967a6fad89bc54da485ec617023:0x41 
0x50cf8c32c8867967a6fad89bc54da485ec617023:0x42 
0x50cf8c32c8867967a6fad89bc54da485ec617023:0x47 
0x50cf8c32c8867967a6fad89bc54da485ec617023:0x48 
0x50cf8c32c8867967a6fad89bc54da485ec617023:0x4b 
0x50cf8c32c8867967a6fad89bc54da485ec617023:0x4c 
0x50cf8c32c8867967a6fad89bc54da485ec617023:0x4d 
0x50cf8c32c8867967a6fad89bc54da485ec617023:0x4e 
0x50cf8c32c8867967a6fad89bc54da485ec617023:0x50 
0x50cf8c32c8867967a6fad89bc54da485ec617023:0x51 
0x50cf8c32c8867967a6fad89bc54da485ec617023:0x52 
0x50cf8c32c8867967a6fad89bc54da485ec617023:0x67 
0x50cf8c32c8867967a6fad89bc54da485ec617023:0x68 
0x50cf8c32c8867967a6fad89bc54da485ec617023:0x7d 
0x50cf8c32c8867967a6fad89bc54da485ec617023:0x7e 
0x50cf8c32c8867967a6fad89bc54da485ec617023:0x7f 
0x50cf8c32c8867967a6fad89bc54da485ec617023:0x80 
0x50cf8c32c8867967a6fad89bc54da485ec617023:0x82 
0x50cf8c32c8867967a6fad89bc54da485ec617023:0x83 
0x50cf8c32c8867967a6fad89bc54da485ec617023:0x84 
0x50cf8c32c8867967a6fad89bc54da485ec617023:0x85 
0x50cf8c32c8867967a6fad89bc54da485ec617023:0x86 
0x50cf8c32c8867967a6fad89bc54da485ec617023:0x88 
0x50cf8c32c8867967a6fad89bc54da485ec617023:0x89 
0x50cf8c32c8867967a6fad89bc54da485ec617023:0x8b 
0x50cf8c32c8867967a6fad89bc54da485ec617023:0x8c 
0x50cf8c32c8867967a6fad89bc54da485ec617023:0x8e 
0x50cf8c32c8867967a6fad89bc54da485ec617023:0x8f 
0x50cf8c32c8867967a6fad89bc54da485ec617023:0x90 
0x50cf8c32c8867967a6fad89bc54da485ec617023:0x91 
0x50cf8c32c8867967a6fad89bc54da485ec617023:0x92 
0x50cf8c32c8867967a6fad89bc54da485ec617023:0x93 
0x50cf8c32c8867967a6fad89bc54da485ec617023:0x94 
0x50cf8c32c8867967a6fad89bc54da485ec617023:0x95 
0x50cf8c32c8867967a6fad89bc54da485ec617023:0x96 
0x50cf8c32c8867967a6fad89bc54da485ec617023:0x97 
0x50cf8c32c8867967a6fad89bc54da485ec617023:0x98 
0x50cf8c32c8867967a6fad89bc54da485ec617023:0x99 
---
0x50cf8c32c8867967a6fad89bc54da485ec617023:0x0 
0x50cf8c32c8867967a6fad89bc54da485ec617023:0x2 
0x50cf8c32c8867967a6fad89bc54da485ec617023:0x4 
0x50cf8c32c8867967a6fad89bc54da485ec617023:0x5 
0x50cf8c32c8867967a6fad89bc54da485ec617023:0x7 
0x50cf8c32c8867967a6fad89bc54da485ec617023:0x8 
0x50cf8c32c8867967a6fad89bc54da485ec617023:0x9 
0x50cf8c32c8867967a6fad89bc54da485ec617023:0xc 
0x50cf8c32c8867967a6fad89bc54da485ec617023:0xd 
0x50cf8c32c8867967a6fad89bc54da485ec617023:0xf 
0x50cf8c32c8867967a6fad89bc54da485ec617023:0x10 
0x50cf8c32c8867967a6fad89bc54da485ec617023:0x2e 
0x50cf8c32c8867967a6fad89bc54da485ec617023:0x2f 
0x50cf8c32c8867967a6fad89bc54da485ec617023:0x30 
0x50cf8c32c8867967a6fad89bc54da485ec617023:0x35 
0x50cf8c32c8867967a6fad89bc54da485ec617023:0x36 
0x50cf8c32c8867967a6fad89bc54da485ec617023:0x37 
0x50cf8c32c8867967a6fad89bc54da485ec617023:0x3c 
0x50cf8c32c8867967a6fad89bc54da485ec617023:0x3d 
0x50cf8c32c8867967a6fad89bc54da485ec617023:0x40 
0x50cf8c32c8867967a6fad89bc54da485ec617023:0x9a 
0x50cf8c32c8867967a6fad89bc54da485ec617023:0x9b 
0x50cf8c32c8867967a6fad89bc54da485ec617023:0x9c 
0x50cf8c32c8867967a6fad89bc54da485ec617023:0x9d 
0x50cf8c32c8867967a6fad89bc54da485ec617023:0x9e 
0x50cf8c32c8867967a6fad89bc54da485ec617023:0xa1 
0x50cf8c32c8867967a6fad89bc54da485ec617023:0xa6 
0x50cf8c32c8867967a6fad89bc54da485ec617023:0xa7 
0x50cf8c32c8867967a6fad89bc54da485ec617023:0xa8 
0x50cf8c32c8867967a6fad89bc54da485ec617023:0xab 
0x50cf8c32c8867967a6fad89bc54da485ec617023:0xad 
0x50cf8c32c8867967a6fad89bc54da485ec617023:0xae 
0x50cf8c32c8867967a6fad89bc54da485ec617023:0xaf 
0x50cf8c32c8867967a6fad89bc54da485ec617023:0xb0 
0x50cf8c32c8867967a6fad89bc54da485ec617023:0xb1 
0x50cf8c32c8867967a6fad89bc54da485ec617023:0xb2 
0x50cf8c32c8867967a6fad89bc54da485ec617023:0xb3 
0x50cf8c32c8867967a6fad89bc54da485ec617023:0xb4 
0x50cf8c32c8867967a6fad89bc54da485ec617023:0xb5 
0x50cf8c32c8867967a6fad89bc54da485ec617023:0xb6 
0x50cf8c32c8867967a6fad89bc54da485ec617023:0xcb 
0x50cf8c32c8867967a6fad89bc54da485ec617023:0xcc 
0x50cf8c32c8867967a6fad89bc54da485ec617023:0xcd 
0x50cf8c32c8867967a6fad89bc54da485ec617023:0xcf 
0x50cf8c32c8867967a6fad89bc54da485ec617023:0xd0 
0x50cf8c32c8867967a6fad89bc54da485ec617023:0xd1 
0x50cf8c32c8867967a6fad89bc54da485ec617023:0xd2 
0x50cf8c32c8867967a6fad89bc54da485ec617023:0xd3 
0x50cf8c32c8867967a6fad89bc54da485ec617023:0xd4 
0x50cf8c32c8867967a6fad89bc54da485ec617023:0xd5 
0x50cf8c32c8867967a6fad89bc54da485ec617023:0xd6 
0x50cf8c32c8867967a6fad89bc54da485ec617023:0xd7 
0x50cf8c32c8867967a6fad89bc54da485ec617023:0xda 
0x50cf8c32c8867967a6fad89bc54da485ec617023:0x13e 
0x50cf8c32c8867967a6fad89bc54da485ec617023:0x13f 
0x50cf8c32c8867967a6fad89bc54da485ec617023:0x141 
0x50cf8c32c8867967a6fad89bc54da485ec617023:0x143 
0x50cf8c32c8867967a6fad89bc54da485ec617023:0x144 
0x50cf8c32c8867967a6fad89bc54da485ec617023:0x145 
0x50cf8c32c8867967a6fad89bc54da485ec617023:0x147 
0x50cf8c32c8867967a6fad89bc54da485ec617023:0x148 
0x50cf8c32c8867967a6fad89bc54da485ec617023:0x14a 
0x50cf8c32c8867967a6fad89bc54da485ec617023:0x14c 
0x50cf8c32c8867967a6fad89bc54da485ec617023:0x14d 
0x50cf8c32c8867967a6fad89bc54da485ec617023:0x14f 
0x50cf8c32c8867967a6fad89bc54da485ec617023:0x150 
0x50cf8c32c8867967a6fad89bc54da485ec617023:0x151 
0x50cf8c32c8867967a6fad89bc54da485ec617023:0x152 
0x50cf8c32c8867967a6fad89bc54da485ec617023:0x153 
0x50cf8c32c8867967a6fad89bc54da485ec617023:0x154 
0x50cf8c32c8867967a6fad89bc54da485ec617023:0x155 
0x50cf8c32c8867967a6fad89bc54da485ec617023:0xdb 
0x50cf8c32c8867967a6fad89bc54da485ec617023:0xdc 
0x50cf8c32c8867967a6fad89bc54da485ec617023:0xde 
0x50cf8c32c8867967a6fad89bc54da485ec617023:0xdf 
0x50cf8c32c8867967a6fad89bc54da485ec617023:0xe0 
0x50cf8c32c8867967a6fad89bc54da485ec617023:0xe1 
0x50cf8c32c8867967a6fad89bc54da485ec617023:0xe2 
0x50cf8c32c8867967a6fad89bc54da485ec617023:0xe3 
0x50cf8c32c8867967a6fad89bc54da485ec617023:0xe5 
0x50cf8c32c8867967a6fad89bc54da485ec617023:0xe6 
0x50cf8c32c8867967a6fad89bc54da485ec617023:0xe7 
0x50cf8c32c8867967a6fad89bc54da485ec617023:0xe8 
0x50cf8c32c8867967a6fad89bc54da485ec617023:0xe9 
0x50cf8c32c8867967a6fad89bc54da485ec617023:0xeb 
0x50cf8c32c8867967a6fad89bc54da485ec617023:0xec 
0x50cf8c32c8867967a6fad89bc54da485ec617023:0xed 
0x50cf8c32c8867967a6fad89bc54da485ec617023:0xee 
0x50cf8c32c8867967a6fad89bc54da485ec617023:0xef 
0x50cf8c32c8867967a6fad89bc54da485ec617023:0xf0 
