---
0x130ac0f294c27532daed01658af3800dd55fd5c:0x0 *
0x130ac0f294c27532daed01658af3800dd55fd5c:0x2 *
0x130ac0f294c27532daed01658af3800dd55fd5c:0x4 *
0x130ac0f294c27532daed01658af3800dd55fd5c:0x5 *
0x130ac0f294c27532daed01658af3800dd55fd5c:0x6 *
0x130ac0f294c27532daed01658af3800dd55fd5c:0x7 *
0x130ac0f294c27532daed01658af3800dd55fd5c:0x8 *
0x130ac0f294c27532daed01658af3800dd55fd5c:0xb *
0x130ac0f294c27532daed01658af3800dd55fd5c:0x10 *
0x130ac0f294c27532daed01658af3800dd55fd5c:0x11 *
0x130ac0f294c27532daed01658af3800dd55fd5c:0x12 *
0x130ac0f294c27532daed01658af3800dd55fd5c:0x15 *
0x130ac0f294c27532daed01658af3800dd55fd5c:0x16 *
0x130ac0f294c27532daed01658af3800dd55fd5c:0x19 *
0x130ac0f294c27532daed01658af3800dd55fd5c:0x1b *
0x130ac0f294c27532daed01658af3800dd55fd5c:0x1c *
0x130ac0f294c27532daed01658af3800dd55fd5c:0x1e *
---
0x130ac0f294c27532daed01658af3800dd55fd5c:0x0 
0x130ac0f294c27532daed01658af3800dd55fd5c:0x2 
0x130ac0f294c27532daed01658af3800dd55fd5c:0x4 
0x130ac0f294c27532daed01658af3800dd55fd5c:0x5 
0x130ac0f294c27532daed01658af3800dd55fd5c:0x7 
0x130ac0f294c27532daed01658af3800dd55fd5c:0x8 
0x130ac0f294c27532daed01658af3800dd55fd5c:0x9 
0x130ac0f294c27532daed01658af3800dd55fd5c:0xc 
0x130ac0f294c27532daed01658af3800dd55fd5c:0xd 
0x130ac0f294c27532daed01658af3800dd55fd5c:0xf 
0x130ac0f294c27532daed01658af3800dd55fd5c:0x10 
0x130ac0f294c27532daed01658af3800dd55fd5c:0x2e 
0x130ac0f294c27532daed01658af3800dd55fd5c:0x2f 
0x130ac0f294c27532daed01658af3800dd55fd5c:0x30 
0x130ac0f294c27532daed01658af3800dd55fd5c:0x35 
0x130ac0f294c27532daed01658af3800dd55fd5c:0x36 
0x130ac0f294c27532daed01658af3800dd55fd5c:0x37 
0x130ac0f294c27532daed01658af3800dd55fd5c:0x3c 
0x130ac0f294c27532daed01658af3800dd55fd5c:0x3d 
0x130ac0f294c27532daed01658af3800dd55fd5c:0x40 
0x130ac0f294c27532daed01658af3800dd55fd5c:0x41 
0x130ac0f294c27532daed01658af3800dd55fd5c:0x42 
0x130ac0f294c27532daed01658af3800dd55fd5c:0x47 
0x130ac0f294c27532daed01658af3800dd55fd5c:0x48 
0x130ac0f294c27532daed01658af3800dd55fd5c:0x4b 
0x130ac0f294c27532daed01658af3800dd55fd5c:0x4c 
0x130ac0f294c27532daed01658af3800dd55fd5c:0x4d 
0x130ac0f294c27532daed01658af3800dd55fd5c:0x4e 
0x130ac0f294c27532daed01658af3800dd55fd5c:0x50 
0x130ac0f294c27532daed01658af3800dd55fd5c:0x51 
0x130ac0f294c27532daed01658af3800dd55fd5c:0x52 
0x130ac0f294c27532daed01658af3800dd55fd5c:0x67 
0x130ac0f294c27532daed01658af3800dd55fd5c:0x68 
0x130ac0f294c27532daed01658af3800dd55fd5c:0x7d 
0x130ac0f294c27532daed01658af3800dd55fd5c:0x7e 
0x130ac0f294c27532daed01658af3800dd55fd5c:0x7f 
0x130ac0f294c27532daed01658af3800dd55fd5c:0x80 
0x130ac0f294c27532daed01658af3800dd55fd5c:0x82 
0x130ac0f294c27532daed01658af3800dd55fd5c:0x83 
0x130ac0f294c27532daed01658af3800dd55fd5c:0x84 
0x130ac0f294c27532daed01658af3800dd55fd5c:0x85 
0x130ac0f294c27532daed01658af3800dd55fd5c:0x86 
0x130ac0f294c27532daed01658af3800dd55fd5c:0x88 
0x130ac0f294c27532daed01658af3800dd55fd5c:0x89 
0x130ac0f294c27532daed01658af3800dd55fd5c:0x8b 
0x130ac0f294c27532daed01658af3800dd55fd5c:0x8c 
0x130ac0f294c27532daed01658af3800dd55fd5c:0x8e 
0x130ac0f294c27532daed01658af3800dd55fd5c:0x8f 
0x130ac0f294c27532daed01658af3800dd55fd5c:0x90 
0x130ac0f294c27532daed01658af3800dd55fd5c:0x91 
0x130ac0f294c27532daed01658af3800dd55fd5c:0x92 
0x130ac0f294c27532daed01658af3800dd55fd5c:0x93 
0x130ac0f294c27532daed01658af3800dd55fd5c:0x94 
0x130ac0f294c27532daed01658af3800dd55fd5c:0x95 
0x130ac0f294c27532daed01658af3800dd55fd5c:0x96 
0x130ac0f294c27532daed01658af3800dd55fd5c:0x97 
0x130ac0f294c27532daed01658af3800dd55fd5c:0x98 
0x130ac0f294c27532daed01658af3800dd55fd5c:0x99 
---
0x130ac0f294c27532daed01658af3800dd55fd5c:0x0 
0x130ac0f294c27532daed01658af3800dd55fd5c:0x2 
0x130ac0f294c27532daed01658af3800dd55fd5c:0x4 
0x130ac0f294c27532daed01658af3800dd55fd5c:0x5 
0x130ac0f294c27532daed01658af3800dd55fd5c:0x7 
0x130ac0f294c27532daed01658af3800dd55fd5c:0x8 
0x130ac0f294c27532daed01658af3800dd55fd5c:0x9 
0x130ac0f294c27532daed01658af3800dd55fd5c:0xc 
0x130ac0f294c27532daed01658af3800dd55fd5c:0xd 
0x130ac0f294c27532daed01658af3800dd55fd5c:0xf 
0x130ac0f294c27532daed01658af3800dd55fd5c:0x10 
0x130ac0f294c27532daed01658af3800dd55fd5c:0x2e 
0x130ac0f294c27532daed01658af3800dd55fd5c:0x2f 
0x130ac0f294c27532daed01658af3800dd55fd5c:0x30 
0x130ac0f294c27532daed01658af3800dd55fd5c:0x35 
0x130ac0f294c27532daed01658af3800dd55fd5c:0x36 
0x130ac0f294c27532daed01658af3800dd55fd5c:0x37 
0x130ac0f294c27532daed01658af3800dd55fd5c:0x3c 
0x130ac0f294c27532daed01658af3800dd55fd5c:0x3d 
0x130ac0f294c27532daed01658af3800dd55fd5c:0x40 
0x130ac0f294c27532daed01658af3800dd55fd5c:0x9a 
0x130ac0f294c27532daed01658af3800dd55fd5c:0x9b 
0x130ac0f294c27532daed01658af3800dd55fd5c:0x9c 
0x130ac0f294c27532daed01658af3800dd55fd5c:0x9d 
0x130ac0f294c27532daed01658af3800dd55fd5c:0x9e 
0x130ac0f294c27532daed01658af3800dd55fd5c:0xa1 
0x130ac0f294c27532daed01658af3800dd55fd5c:0xa6 
0x130ac0f294c27532daed01658af3800dd55fd5c:0xa7 
0x130ac0f294c27532daed01658af3800dd55fd5c:0xa8 
0x130ac0f294c27532daed01658af3800dd55fd5c:0xab 
0x130ac0f294c27532daed01658af3800dd55fd5c:0xad 
0x130ac0f294c27532daed01658af3800dd55fd5c:0xae 
0x130ac0f294c27532daed01658af3800dd55fd5c:0xaf 
0x130ac0f294c27532daed01658af3800dd55fd5c:0xb0 
0x130ac0f294c27532daed01658af3800dd55fd5c:0xb1 
0x130ac0f294c27532daed01658af3800dd55fd5c:0xb2 
0x130ac0f294c27532daed01658af3800dd55fd5c:0xb3 
0x130ac0f294c27532daed01658af3800dd55fd5c:0xb4 
0x130ac0f294c27532daed01658af3800dd55fd5c:0xb5 
0x130ac0f294c27532daed01658af3800dd55fd5c:0xb6 
0x130ac0f294c27532daed01658af3800dd55fd5c:0xcb 
0x130ac0f294c27532daed01658af3800dd55fd5c:0xcc 
0x130ac0f294c27532daed01658af3800dd55fd5c:0xcd 
0x130ac0f294c27532daed01658af3800dd55fd5c:0xcf 
0x130ac0f294c27532daed01658af3800dd55fd5c:0xd0 
0x130ac0f294c27532daed01658af3800dd55fd5c:0xd1 
0x130ac0f294c27532daed01658af3800dd55fd5c:0xd2 
0x130ac0f294c27532daed01658af3800dd55fd5c:0xd3 
0x130ac0f294c27532daed01658af3800dd55fd5c:0xd4 
0x130ac0f294c27532daed01658af3800dd55fd5c:0xd5 
0x130ac0f294c27532daed01658af3800dd55fd5c:0xd6 
0x130ac0f294c27532daed01658af3800dd55fd5c:0xd7 
0x130ac0f294c27532daed01658af3800dd55fd5c:0xda 
0x130ac0f294c27532daed01658af3800dd55fd5c:0x13e 
0x130ac0f294c27532daed01658af3800dd55fd5c:0x13f 
0x130ac0f294c27532daed01658af3800dd55fd5c:0x141 
0x130ac0f294c27532daed01658af3800dd55fd5c:0x143 
0x130ac0f294c27532daed01658af3800dd55fd5c:0x144 
0x130ac0f294c27532daed01658af3800dd55fd5c:0x145 
0x130ac0f294c27532daed01658af3800dd55fd5c:0x147 
0x130ac0f294c27532daed01658af3800dd55fd5c:0x148 
0x130ac0f294c27532daed01658af3800dd55fd5c:0x14a 
0x130ac0f294c27532daed01658af3800dd55fd5c:0x14c 
0x130ac0f294c27532daed01658af3800dd55fd5c:0x14d 
0x130ac0f294c27532daed01658af3800dd55fd5c:0x14f 
0x130ac0f294c27532daed01658af3800dd55fd5c:0x150 
0x130ac0f294c27532daed01658af3800dd55fd5c:0x151 
0x130ac0f294c27532daed01658af3800dd55fd5c:0x152 
0x130ac0f294c27532daed01658af3800dd55fd5c:0x153 
0x130ac0f294c27532daed01658af3800dd55fd5c:0x154 
0x130ac0f294c27532daed01658af3800dd55fd5c:0x155 
0x130ac0f294c27532daed01658af3800dd55fd5c:0xdb 
0x130ac0f294c27532daed01658af3800dd55fd5c:0xdc 
0x130ac0f294c27532daed01658af3800dd55fd5c:0xde 
0x130ac0f294c27532daed01658af3800dd55fd5c:0xdf 
0x130ac0f294c27532daed01658af3800dd55fd5c:0xe0 
0x130ac0f294c27532daed01658af3800dd55fd5c:0xe1 
0x130ac0f294c27532daed01658af3800dd55fd5c:0xe2 
0x130ac0f294c27532daed01658af3800dd55fd5c:0xe3 
0x130ac0f294c27532daed01658af3800dd55fd5c:0xe5 
0x130ac0f294c27532daed01658af3800dd55fd5c:0xe6 
0x130ac0f294c27532daed01658af3800dd55fd5c:0xe7 
0x130ac0f294c27532daed01658af3800dd55fd5c:0xe8 
0x130ac0f294c27532daed01658af3800dd55fd5c:0xe9 
0x130ac0f294c27532daed01658af3800dd55fd5c:0xeb 
0x130ac0f294c27532daed01658af3800dd55fd5c:0xec 
0x130ac0f294c27532daed01658af3800dd55fd5c:0xed 
0x130ac0f294c27532daed01658af3800dd55fd5c:0xee 
0x130ac0f294c27532daed01658af3800dd55fd5c:0xef 
0x130ac0f294c27532daed01658af3800dd55fd5c:0xf0 
