---
0x130ac0f294c27532daed01658af3800dd55fd5c:0x0 *
0x130ac0f294c27532daed01658af3800dd55fd5c:0x2 *
0x130ac0f294c27532daed01658af3800dd55fd5c:0x4 *
0x130ac0f294c27532daed01658af3800dd55fd5c:0x5 *
0x130ac0f294c27532daed01658af3800dd55fd5c:0x6 *
0x130ac0f294c27532daed01658af3800dd55fd5c:0x7 *
0x130ac0f294c27532daed01658af3800dd55fd5c:0x8 *
0x130ac0f294c27532daed01658af3800dd55fd5c:0xb *
0x130ac0f294c27532daed01658af3800dd55fd5c:0x10 *
0x130ac0f294c27532daed01658af3800dd55fd5c:0x11 *
0x130ac0f294c27532daed01658af3800dd55fd5c:0x12 *
0x130ac0f294c27532daed01658af3800dd55fd5c:0x15 *
0x130ac0f294c27532daed01658af3800dd55fd5c:0x16 *
0x130ac0f294c27532daed01658af3800dd55fd5c:0x19 *
0x130ac0f294c27532daed01658af3800dd55fd5c:0x1b *
0x130ac0f294c27532daed01658af3800dd55fd5c:0x1c *
0x130ac0f294c27532daed01658af3800dd55fd5c:0x1e *
---
0x130ac0f294c27532daed01658af3800dd55fd5c:0x0 
0x130ac0f294c27532daed01658af3800dd55fd5c:0x2 
0x130ac0f294c27532daed01658af3800dd55fd5c:0x4 
0x130ac0f294c27532daed01658af3800dd55fd5c:0x5 
0x130ac0f294c27532daed01658af3800dd55fd5c:0x7 
0x130ac0f294c27532daed01658af3800dd55fd5c:0x8 
0x130ac0f294c27532daed01658af3800dd55fd5c:0x9 
0x130ac0f294c27532daed01658af3800dd55fd5c:0xc 
0x130ac0f294c27532daed01658af3800dd55fd5c:0xd 
0x130ac0f294c27532daed01658af3800dd55fd5c:0xf 
0x130ac0f294c27532daed01658af3800dd55fd5c:0x10 
0x130ac0f294c27532daed01658af3800dd55fd5c:0x2e 
0x130ac0f294c27532daed01658af3800dd55fd5c:0x2f 
0x130ac0f294c27532daed01658af3800dd55fd5c:0x30 
0x130ac0f294c27532daed01658af3800dd55fd5c:0x35 
0x130ac0f294c27532daed01658af3800dd55fd5c:0x36 
0x130ac0f294c27532daed01658af3800dd55fd5c:0x37 
0x130ac0f294c27532daed01658af3800dd55fd5c:0x3c 
0x130ac0f294c27532daed01658af3800dd55fd5c:0x3d 
0x130ac0f294c27532daed01658af3800dd55fd5c:0x40 
0x130ac0f294c27532daed01658af3800dd55fd5c:0x41 
0x130ac0f294c27532daed01658af3800dd55fd5c:0x42 
0x130ac0f294c27532daed01658af3800dd55fd5c:0x47 
0x130ac0f294c27532daed01658af3800dd55fd5c:0x48 
0x130ac0f294c27532daed01658af3800dd55fd5c:0x4b 
0x130ac0f294c27532daed01658af3800dd55fd5c:0xf1 
0x130ac0f294c27532daed01658af3800dd55fd5c:0xf2 
0x130ac0f294c27532daed01658af3800dd55fd5c:0xf3 
0x130ac0f294c27532daed01658af3800dd55fd5c:0xf4 
0x130ac0f294c27532daed01658af3800dd55fd5c:0xf5 
0x130ac0f294c27532daed01658af3800dd55fd5c:0xf8 
0x130ac0f294c27532daed01658af3800dd55fd5c:0xfd 
0x130ac0f294c27532daed01658af3800dd55fd5c:0xfe 
0x130ac0f294c27532daed01658af3800dd55fd5c:0xff 
0x130ac0f294c27532daed01658af3800dd55fd5c:0x102 
0x130ac0f294c27532daed01658af3800dd55fd5c:0x104 
0x130ac0f294c27532daed01658af3800dd55fd5c:0x105 
0x130ac0f294c27532daed01658af3800dd55fd5c:0x106 
0x130ac0f294c27532daed01658af3800dd55fd5c:0x107 
0x130ac0f294c27532daed01658af3800dd55fd5c:0x108 
0x130ac0f294c27532daed01658af3800dd55fd5c:0x109 
0x130ac0f294c27532daed01658af3800dd55fd5c:0x10a 
0x130ac0f294c27532daed01658af3800dd55fd5c:0x10b 
0x130ac0f294c27532daed01658af3800dd55fd5c:0x10c 
0x130ac0f294c27532daed01658af3800dd55fd5c:0x10d 
0x130ac0f294c27532daed01658af3800dd55fd5c:0x122 
0x130ac0f294c27532daed01658af3800dd55fd5c:0x123 
0x130ac0f294c27532daed01658af3800dd55fd5c:0x124 
0x130ac0f294c27532daed01658af3800dd55fd5c:0x126 
0x130ac0f294c27532daed01658af3800dd55fd5c:0x127 
0x130ac0f294c27532daed01658af3800dd55fd5c:0x128 
0x130ac0f294c27532daed01658af3800dd55fd5c:0x129 
0x130ac0f294c27532daed01658af3800dd55fd5c:0x12a 
0x130ac0f294c27532daed01658af3800dd55fd5c:0x12b 
0x130ac0f294c27532daed01658af3800dd55fd5c:0x12c 
0x130ac0f294c27532daed01658af3800dd55fd5c:0x12d 
0x130ac0f294c27532daed01658af3800dd55fd5c:0x12e 
0x130ac0f294c27532daed01658af3800dd55fd5c:0x130 
0x130ac0f294c27532daed01658af3800dd55fd5c:0x131 
0x130ac0f294c27532daed01658af3800dd55fd5c:0x132 
0x130ac0f294c27532daed01658af3800dd55fd5c:0x133 
0x130ac0f294c27532daed01658af3800dd55fd5c:0x134 
0x130ac0f294c27532daed01658af3800dd55fd5c:0x135 
0x130ac0f294c27532daed01658af3800dd55fd5c:0x136 
0x130ac0f294c27532daed01658af3800dd55fd5c:0x137 
0x130ac0f294c27532daed01658af3800dd55fd5c:0x138 
0x130ac0f294c27532daed01658af3800dd55fd5c:0x13b 
0x130ac0f294c27532daed01658af3800dd55fd5c:0x156 
0x130ac0f294c27532daed01658af3800dd55fd5c:0x157 
0x130ac0f294c27532daed01658af3800dd55fd5c:0x159 
0x130ac0f294c27532daed01658af3800dd55fd5c:0x15a 
0x130ac0f294c27532daed01658af3800dd55fd5c:0x15c 
0x130ac0f294c27532daed01658af3800dd55fd5c:0x15d 
0x130ac0f294c27532daed01658af3800dd55fd5c:0x15e 
0x130ac0f294c27532daed01658af3800dd55fd5c:0x173 
0x130ac0f294c27532daed01658af3800dd55fd5c:0x174 
0x130ac0f294c27532daed01658af3800dd55fd5c:0x189 
0x130ac0f294c27532daed01658af3800dd55fd5c:0x18a 
0x130ac0f294c27532daed01658af3800dd55fd5c:0x18b 
0x130ac0f294c27532daed01658af3800dd55fd5c:0x18c 
0x130ac0f294c27532daed01658af3800dd55fd5c:0x18e 
0x130ac0f294c27532daed01658af3800dd55fd5c:0x18f 
0x130ac0f294c27532daed01658af3800dd55fd5c:0x190 
0x130ac0f294c27532daed01658af3800dd55fd5c:0x191 
0x130ac0f294c27532daed01658af3800dd55fd5c:0x192 
0x130ac0f294c27532daed01658af3800dd55fd5c:0x194 
0x130ac0f294c27532daed01658af3800dd55fd5c:0x195 
0x130ac0f294c27532daed01658af3800dd55fd5c:0x197 
0x130ac0f294c27532daed01658af3800dd55fd5c:0x198 
0x130ac0f294c27532daed01658af3800dd55fd5c:0x199 
0x130ac0f294c27532daed01658af3800dd55fd5c:0x19a 
0x130ac0f294c27532daed01658af3800dd55fd5c:0x19b 
0x130ac0f294c27532daed01658af3800dd55fd5c:0x19c 
0x130ac0f294c27532daed01658af3800dd55fd5c:0x19d 
0x130ac0f294c27532daed01658af3800dd55fd5c:0x19e 
0x130ac0f294c27532daed01658af3800dd55fd5c:0x1a1 
0x130ac0f294c27532daed01658af3800dd55fd5c:0x1a6 
0x130ac0f294c27532daed01658af3800dd55fd5c:0x1a7 
0x130ac0f294c27532daed01658af3800dd55fd5c:0x1a8 
0x130ac0f294c27532daed01658af3800dd55fd5c:0x1aa 
0x130ac0f294c27532daed01658af3800dd55fd5c:0x1ab 
0x130ac0f294c27532daed01658af3800dd55fd5c:0x1ac 
0x130ac0f294c27532daed01658af3800dd55fd5c:0x1c1 
0x130ac0f294c27532daed01658af3800dd55fd5c:0x1c2 
0x130ac0f294c27532daed01658af3800dd55fd5c:0x1d7 
0x130ac0f294c27532daed01658af3800dd55fd5c:0x1d8 
0x130ac0f294c27532daed01658af3800dd55fd5c:0x1d9 
0x130ac0f294c27532daed01658af3800dd55fd5c:0x1da 
0x130ac0f294c27532daed01658af3800dd55fd5c:0x1dc 
0x130ac0f294c27532daed01658af3800dd55fd5c:0x1dd 
0x130ac0f294c27532daed01658af3800dd55fd5c:0x1de 
0x130ac0f294c27532daed01658af3800dd55fd5c:0x1df 
0x130ac0f294c27532daed01658af3800dd55fd5c:0x1e0 
0x130ac0f294c27532daed01658af3800dd55fd5c:0x1e2 
0x130ac0f294c27532daed01658af3800dd55fd5c:0x1e3 
0x130ac0f294c27532daed01658af3800dd55fd5c:0x1e5 
0x130ac0f294c27532daed01658af3800dd55fd5c:0x1e6 
0x130ac0f294c27532daed01658af3800dd55fd5c:0x1e8 
0x130ac0f294c27532daed01658af3800dd55fd5c:0x1e9 
0x130ac0f294c27532daed01658af3800dd55fd5c:0x1ea 
0x130ac0f294c27532daed01658af3800dd55fd5c:0x1eb 
0x130ac0f294c27532daed01658af3800dd55fd5c:0x1ec 
0x130ac0f294c27532daed01658af3800dd55fd5c:0x1ed 
0x130ac0f294c27532daed01658af3800dd55fd5c:0x1ee 
0x130ac0f294c27532daed01658af3800dd55fd5c:0x1ef 
0x130ac0f294c27532daed01658af3800dd55fd5c:0x1f0 
0x130ac0f294c27532daed01658af3800dd55fd5c:0x1f1 
0x130ac0f294c27532daed01658af3800dd55fd5c:0x1f2 
0x130ac0f294c27532daed01658af3800dd55fd5c:0x1f3 
0x130ac0f294c27532daed01658af3800dd55fd5c:0x1f4 
0x130ac0f294c27532daed01658af3800dd55fd5c:0x1f6 
0x130ac0f294c27532daed01658af3800dd55fd5c:0x1f7 
0x130ac0f294c27532daed01658af3800dd55fd5c:0x1f8 
0x130ac0f294c27532daed01658af3800dd55fd5c:0x20d 
0x130ac0f294c27532daed01658af3800dd55fd5c:0x20e 
0x130ac0f294c27532daed01658af3800dd55fd5c:0x223 
0x130ac0f294c27532daed01658af3800dd55fd5c:0x224 
0x130ac0f294c27532daed01658af3800dd55fd5c:0x225 
0x130ac0f294c27532daed01658af3800dd55fd5c:0x226 
0x130ac0f294c27532daed01658af3800dd55fd5c:0x228 
0x130ac0f294c27532daed01658af3800dd55fd5c:0x229 
0x130ac0f294c27532daed01658af3800dd55fd5c:0x22a 
0x130ac0f294c27532daed01658af3800dd55fd5c:0x22b 
0x130ac0f294c27532daed01658af3800dd55fd5c:0x22c 
0x130ac0f294c27532daed01658af3800dd55fd5c:0x22e 
0x130ac0f294c27532daed01658af3800dd55fd5c:0x22f 
0x130ac0f294c27532daed01658af3800dd55fd5c:0x231 
0x130ac0f294c27532daed01658af3800dd55fd5c:0x232 
0x130ac0f294c27532daed01658af3800dd55fd5c:0x234 
0x130ac0f294c27532daed01658af3800dd55fd5c:0x235 
0x130ac0f294c27532daed01658af3800dd55fd5c:0x236 
0x130ac0f294c27532daed01658af3800dd55fd5c:0x237 
0x130ac0f294c27532daed01658af3800dd55fd5c:0x238 
0x130ac0f294c27532daed01658af3800dd55fd5c:0x239 
0x130ac0f294c27532daed01658af3800dd55fd5c:0x23a 
0x130ac0f294c27532daed01658af3800dd55fd5c:0x23b 
0x130ac0f294c27532daed01658af3800dd55fd5c:0x23c 
0x130ac0f294c27532daed01658af3800dd55fd5c:0x23d 
0x130ac0f294c27532daed01658af3800dd55fd5c:0x23e 
0x130ac0f294c27532daed01658af3800dd55fd5c:0x23f 
0x130ac0f294c27532daed01658af3800dd55fd5c:0x240 
0x130ac0f294c27532daed01658af3800dd55fd5c:0x241 
0x130ac0f294c27532daed01658af3800dd55fd5c:0x13c 
0x130ac0f294c27532daed01658af3800dd55fd5c:0x13d 
---
0x130ac0f294c27532daed01658af3800dd55fd5c:0x0 
0x130ac0f294c27532daed01658af3800dd55fd5c:0x2 
0x130ac0f294c27532daed01658af3800dd55fd5c:0x4 
0x130ac0f294c27532daed01658af3800dd55fd5c:0x5 
0x130ac0f294c27532daed01658af3800dd55fd5c:0x7 
0x130ac0f294c27532daed01658af3800dd55fd5c:0x8 
0x130ac0f294c27532daed01658af3800dd55fd5c:0x9 
0x130ac0f294c27532daed01658af3800dd55fd5c:0xc 
0x130ac0f294c27532daed01658af3800dd55fd5c:0xd 
0x130ac0f294c27532daed01658af3800dd55fd5c:0xf 
0x130ac0f294c27532daed01658af3800dd55fd5c:0x10 
0x130ac0f294c27532daed01658af3800dd55fd5c:0x2e 
0x130ac0f294c27532daed01658af3800dd55fd5c:0x2f 
0x130ac0f294c27532daed01658af3800dd55fd5c:0x30 
0x130ac0f294c27532daed01658af3800dd55fd5c:0x35 
0x130ac0f294c27532daed01658af3800dd55fd5c:0x36 
0x130ac0f294c27532daed01658af3800dd55fd5c:0x37 
0x130ac0f294c27532daed01658af3800dd55fd5c:0x3c 
0x130ac0f294c27532daed01658af3800dd55fd5c:0x3d 
0x130ac0f294c27532daed01658af3800dd55fd5c:0x40 
0x130ac0f294c27532daed01658af3800dd55fd5c:0x9a 
0x130ac0f294c27532daed01658af3800dd55fd5c:0x9b 
0x130ac0f294c27532daed01658af3800dd55fd5c:0x9c 
0x130ac0f294c27532daed01658af3800dd55fd5c:0x9d 
0x130ac0f294c27532daed01658af3800dd55fd5c:0x9e 
0x130ac0f294c27532daed01658af3800dd55fd5c:0xa1 
0x130ac0f294c27532daed01658af3800dd55fd5c:0xa6 
0x130ac0f294c27532daed01658af3800dd55fd5c:0xa7 
0x130ac0f294c27532daed01658af3800dd55fd5c:0xa8 
0x130ac0f294c27532daed01658af3800dd55fd5c:0xab 
0x130ac0f294c27532daed01658af3800dd55fd5c:0xad 
0x130ac0f294c27532daed01658af3800dd55fd5c:0xae 
0x130ac0f294c27532daed01658af3800dd55fd5c:0xaf 
0x130ac0f294c27532daed01658af3800dd55fd5c:0xb0 
0x130ac0f294c27532daed01658af3800dd55fd5c:0xb1 
0x130ac0f294c27532daed01658af3800dd55fd5c:0xb2 
0x130ac0f294c27532daed01658af3800dd55fd5c:0xb3 
0x130ac0f294c27532daed01658af3800dd55fd5c:0xb4 
0x130ac0f294c27532daed01658af3800dd55fd5c:0xb5 
0x130ac0f294c27532daed01658af3800dd55fd5c:0xb6 
0x130ac0f294c27532daed01658af3800dd55fd5c:0xcb 
0x130ac0f294c27532daed01658af3800dd55fd5c:0xcc 
0x130ac0f294c27532daed01658af3800dd55fd5c:0xcd 
0x130ac0f294c27532daed01658af3800dd55fd5c:0xcf 
0x130ac0f294c27532daed01658af3800dd55fd5c:0xd0 
0x130ac0f294c27532daed01658af3800dd55fd5c:0xd1 
0x130ac0f294c27532daed01658af3800dd55fd5c:0xd2 
0x130ac0f294c27532daed01658af3800dd55fd5c:0xd3 
0x130ac0f294c27532daed01658af3800dd55fd5c:0xd4 
0x130ac0f294c27532daed01658af3800dd55fd5c:0xd5 
0x130ac0f294c27532daed01658af3800dd55fd5c:0xd6 
0x130ac0f294c27532daed01658af3800dd55fd5c:0xd7 
0x130ac0f294c27532daed01658af3800dd55fd5c:0xda 
0x130ac0f294c27532daed01658af3800dd55fd5c:0x13e 
0x130ac0f294c27532daed01658af3800dd55fd5c:0x13f 
0x130ac0f294c27532daed01658af3800dd55fd5c:0x141 
0x130ac0f294c27532daed01658af3800dd55fd5c:0x143 
0x130ac0f294c27532daed01658af3800dd55fd5c:0x144 
0x130ac0f294c27532daed01658af3800dd55fd5c:0x145 
0x130ac0f294c27532daed01658af3800dd55fd5c:0x147 
0x130ac0f294c27532daed01658af3800dd55fd5c:0x148 
0x130ac0f294c27532daed01658af3800dd55fd5c:0x14a 
0x130ac0f294c27532daed01658af3800dd55fd5c:0x14c 
0x130ac0f294c27532daed01658af3800dd55fd5c:0x14d 
0x130ac0f294c27532daed01658af3800dd55fd5c:0x14f 
0x130ac0f294c27532daed01658af3800dd55fd5c:0x150 
0x130ac0f294c27532daed01658af3800dd55fd5c:0x151 
0x130ac0f294c27532daed01658af3800dd55fd5c:0x152 
0x130ac0f294c27532daed01658af3800dd55fd5c:0x153 
0x130ac0f294c27532daed01658af3800dd55fd5c:0x154 
0x130ac0f294c27532daed01658af3800dd55fd5c:0x155 
0x130ac0f294c27532daed01658af3800dd55fd5c:0xdb 
0x130ac0f294c27532daed01658af3800dd55fd5c:0xdc 
0x130ac0f294c27532daed01658af3800dd55fd5c:0xde 
0x130ac0f294c27532daed01658af3800dd55fd5c:0xdf 
0x130ac0f294c27532daed01658af3800dd55fd5c:0xe0 
0x130ac0f294c27532daed01658af3800dd55fd5c:0xe1 
0x130ac0f294c27532daed01658af3800dd55fd5c:0xe2 
0x130ac0f294c27532daed01658af3800dd55fd5c:0xe3 
0x130ac0f294c27532daed01658af3800dd55fd5c:0xe5 
0x130ac0f294c27532daed01658af3800dd55fd5c:0xe6 
0x130ac0f294c27532daed01658af3800dd55fd5c:0xe7 
0x130ac0f294c27532daed01658af3800dd55fd5c:0xe8 
0x130ac0f294c27532daed01658af3800dd55fd5c:0xe9 
0x130ac0f294c27532daed01658af3800dd55fd5c:0xeb 
0x130ac0f294c27532daed01658af3800dd55fd5c:0xec 
0x130ac0f294c27532daed01658af3800dd55fd5c:0xed 
0x130ac0f294c27532daed01658af3800dd55fd5c:0xee 
0x130ac0f294c27532daed01658af3800dd55fd5c:0xef 
0x130ac0f294c27532daed01658af3800dd55fd5c:0xf0 
