---
0x130ac0f294c27532daed01658af3800dd55fd5c:0x0 *
0x130ac0f294c27532daed01658af3800dd55fd5c:0x2 *
0x130ac0f294c27532daed01658af3800dd55fd5c:0x4 *
0x130ac0f294c27532daed01658af3800dd55fd5c:0x5 *
0x130ac0f294c27532daed01658af3800dd55fd5c:0x6 *
0x130ac0f294c27532daed01658af3800dd55fd5c:0x7 *
0x130ac0f294c27532daed01658af3800dd55fd5c:0x8 *
0x130ac0f294c27532daed01658af3800dd55fd5c:0xb *
0x130ac0f294c27532daed01658af3800dd55fd5c:0x10 *
0x130ac0f294c27532daed01658af3800dd55fd5c:0x11 *
0x130ac0f294c27532daed01658af3800dd55fd5c:0x12 *
0x130ac0f294c27532daed01658af3800dd55fd5c:0x15 *
0x130ac0f294c27532daed01658af3800dd55fd5c:0x16 *
0x130ac0f294c27532daed01658af3800dd55fd5c:0x19 *
0x130ac0f294c27532daed01658af3800dd55fd5c:0x1b *
0x130ac0f294c27532daed01658af3800dd55fd5c:0x1c *
0x130ac0f294c27532daed01658af3800dd55fd5c:0x1e *
---
0x130ac0f294c27532daed01658af3800dd55fd5c:0x0 
0x130ac0f294c27532daed01658af3800dd55fd5c:0x2 
0x130ac0f294c27532daed01658af3800dd55fd5c:0x4 
0x130ac0f294c27532daed01658af3800dd55fd5c:0x5 
0x130ac0f294c27532daed01658af3800dd55fd5c:0x7 
0x130ac0f294c27532daed01658af3800dd55fd5c:0x8 
0x130ac0f294c27532daed01658af3800dd55fd5c:0x9 
0x130ac0f294c27532daed01658af3800dd55fd5c:0xc 
0x130ac0f294c27532daed01658af3800dd55fd5c:0xd 
0x130ac0f294c27532daed01658af3800dd55fd5c:0xf 
0x130ac0f294c27532daed01658af3800dd55fd5c:0x10 
0x130ac0f294c27532daed01658af3800dd55fd5c:0x2e 
0x130ac0f294c27532daed01658af3800dd55fd5c:0x2f 
0x130ac0f294c27532daed01658af3800dd55fd5c:0x30 
0x130ac0f294c27532daed01658af3800dd55fd5c:0x35 
0x130ac0f294c27532daed01658af3800dd55fd5c:0x36 
0x130ac0f294c27532daed01658af3800dd55fd5c:0x37 
0x130ac0f294c27532daed01658af3800dd55fd5c:0x3c 
0x130ac0f294c27532daed01658af3800dd55fd5c:0x3d 
0x130ac0f294c27532daed01658af3800dd55fd5c:0x40 
0x130ac0f294c27532daed01658af3800dd55fd5c:0x9a 
0x130ac0f294c27532daed01658af3800dd55fd5c:0x9b 
0x130ac0f294c27532daed01658af3800dd55fd5c:0x9c 
0x130ac0f294c27532daed01658af3800dd55fd5c:0x9d 
0x130ac0f294c27532daed01658af3800dd55fd5c:0x9e 
0x130ac0f294c27532daed01658af3800dd55fd5c:0xa1 
0x130ac0f294c27532daed01658af3800dd55fd5c:0xa2 
0x130ac0f294c27532daed01658af3800dd55fd5c:0xa4 
0x130ac0f294c27532daed01658af3800dd55fd5c:0xa5 
